Log file open, 11/27/22 02:27:05
LogWindows: Failed to load 'aqProf.dll' (GetLastError=126)
LogWindows: File 'aqProf.dll' does not exist
LogWindows: Failed to load 'VtuneApi.dll' (GetLastError=126)
LogWindows: File 'VtuneApi.dll' does not exist
LogWindows: Failed to load 'VtuneApi32e.dll' (GetLastError=126)
LogWindows: File 'VtuneApi32e.dll' does not exist
LogConsoleResponse: Display: Failed to find resolution value strings in scalability ini. Falling back to default.
LogConsoleResponse: Display: Failed to find resolution value strings in scalability ini. Falling back to default.
LogInit: Display: Running engine for game: TopDownShooter_SN
LogPlatformFile: Not using cached read wrapper
LogTaskGraph: Started task graph with 5 named threads and 35 total threads with 3 sets of task threads.
LogStats: Stats thread started at 0.223638
LogICUInternationalization: ICU TimeZone Detection - Raw Offset: +1:00, Platform Override: ''
LogInit: Display: Loading text-based GConfig....
LogPluginManager: Mounting plugin MeshPainting
LogPluginManager: Mounting plugin XGEController
LogPluginManager: Mounting plugin Paper2D
LogPluginManager: Mounting plugin LightPropagationVolume
LogPluginManager: Mounting plugin AISupport
LogPluginManager: Mounting plugin OodleData
LogPluginManager: Mounting plugin EnvironmentQueryEditor
LogPluginManager: Mounting plugin LiveLink
LogPluginManager: Mounting plugin OodleNetwork
LogPluginManager: Mounting plugin AnimationSharing
LogPluginManager: Mounting plugin CLionSourceCodeAccess
LogPluginManager: Mounting plugin CodeLiteSourceCodeAccess
LogPluginManager: Mounting plugin GitSourceControl
LogPluginManager: Mounting plugin NullSourceCodeAccess
LogPluginManager: Mounting plugin KDevelopSourceCodeAccess
LogPluginManager: Mounting plugin PerforceSourceControl
LogPluginManager: Mounting plugin PixWinPlugin
LogPluginManager: Mounting plugin PlasticSourceControl
LogPluginManager: Mounting plugin PluginUtils
LogPluginManager: Mounting plugin PropertyAccessNode
LogPluginManager: Mounting plugin SubversionSourceControl
LogPluginManager: Mounting plugin RiderSourceCodeAccess
LogPluginManager: Mounting plugin TextureFormatOodle
LogPluginManager: Mounting plugin AssetManagerEditor
LogPluginManager: Mounting plugin UObjectPlugin
LogPluginManager: Mounting plugin VisualStudioCodeSourceCodeAccess
LogPluginManager: Mounting plugin XCodeSourceCodeAccess
LogPluginManager: Mounting plugin VisualStudioSourceCodeAccess
LogPluginManager: Mounting plugin CryptoKeys
LogPluginManager: Mounting plugin CurveEditorTools
LogPluginManager: Mounting plugin DataValidation
LogPluginManager: Mounting plugin FacialAnimation
LogPluginManager: Mounting plugin GameplayTagsEditor
LogPluginManager: Mounting plugin GeometryMode
LogPluginManager: Mounting plugin MacGraphicsSwitching
LogPluginManager: Mounting plugin MaterialAnalyzer
LogPluginManager: Mounting plugin MobileLauncherProfileWizard
LogPluginManager: Mounting plugin PluginBrowser
LogPluginManager: Mounting plugin SpeedTreeImporter
LogPluginManager: Mounting plugin AlembicImporter
LogPluginManager: Mounting plugin BackChannel
LogPluginManager: Mounting plugin AutomationUtils
LogPluginManager: Mounting plugin ChaosCloth
LogPluginManager: Mounting plugin ChaosEditor
LogPluginManager: Mounting plugin ChaosClothEditor
LogPluginManager: Mounting plugin ChaosNiagara
LogPluginManager: Mounting plugin ChaosSolverPlugin
LogPluginManager: Mounting plugin CharacterAI
LogPluginManager: Mounting plugin DatasmithContent
LogPluginManager: Mounting plugin GeometryCache
LogPluginManager: Mounting plugin GeometryCollectionPlugin
LogPluginManager: Mounting plugin LuminPlatformFeatures
LogPluginManager: Mounting plugin GeometryProcessing
LogPluginManager: Mounting plugin Niagara
LogPluginManager: Mounting plugin MagicLeap
LogPluginManager: Mounting plugin MagicLeapLightEstimation
LogPluginManager: Mounting plugin MagicLeapMedia
LogPluginManager: Mounting plugin VariantManagerContent
LogPluginManager: Mounting plugin MagicLeapPassableWorld
LogPluginManager: Mounting plugin MLSDK
LogPluginManager: Mounting plugin AndroidMedia
LogPluginManager: Mounting plugin MotoSynth
LogPluginManager: Mounting plugin OpenImageDenoise
LogPluginManager: Mounting plugin PlatformCrypto
LogPluginManager: Mounting plugin PlanarCut
LogPluginManager: Mounting plugin AvfMedia
LogPluginManager: Mounting plugin ProxyLODPlugin
LogPluginManager: Mounting plugin PythonScriptPlugin
LogPluginManager: Mounting plugin SkeletalReduction
LogPluginManager: Mounting plugin ImgMedia
LogPluginManager: Mounting plugin MediaCompositing
LogPluginManager: Mounting plugin MediaPlayerEditor
LogPluginManager: Mounting plugin TcpMessaging
LogPluginManager: Mounting plugin UdpMessaging
LogPluginManager: Mounting plugin WebMMedia
LogPluginManager: Mounting plugin WmfMedia
LogPluginManager: Mounting plugin ActorSequence
LogPluginManager: Mounting plugin LevelSequenceEditor
LogPluginManager: Mounting plugin MatineeToLevelSequence
LogPluginManager: Mounting plugin TemplateSequence
LogPluginManager: Mounting plugin OnlineSubsystem
LogPluginManager: Mounting plugin OnlineSubsystemNull
LogPluginManager: Mounting plugin LauncherChunkInstaller
LogPluginManager: Mounting plugin OnlineSubsystemUtils
LogPluginManager: Mounting plugin ActorLayerUtilities
LogPluginManager: Mounting plugin AndroidDeviceProfileSelector
LogPluginManager: Mounting plugin AndroidMoviePlayer
LogPluginManager: Mounting plugin AndroidPermission
LogPluginManager: Mounting plugin AppleImageUtils
LogPluginManager: Mounting plugin AppleMoviePlayer
LogPluginManager: Mounting plugin ArchVisCharacter
LogPluginManager: Mounting plugin AssetTags
LogPluginManager: Mounting plugin AudioCapture
LogPluginManager: Mounting plugin AudioSynesthesia
LogPluginManager: Mounting plugin CableComponent
LogPluginManager: Mounting plugin ChunkDownloader
LogPluginManager: Mounting plugin CustomMeshComponent
LogPluginManager: Mounting plugin EditableMesh
LogPluginManager: Mounting plugin ExampleDeviceProfileSelector
LogPluginManager: Mounting plugin GoogleCloudMessaging
LogPluginManager: Mounting plugin GooglePAD
LogPluginManager: Mounting plugin IOSDeviceProfileSelector
LogPluginManager: Mounting plugin LinuxDeviceProfileSelector
LogPluginManager: Mounting plugin LocationServicesBPLibrary
LogPluginManager: Mounting plugin MobilePatchingUtils
LogPluginManager: Mounting plugin OpenXR
LogPluginManager: Mounting plugin OpenXREyeTracker
LogPluginManager: Mounting plugin OpenXRHandTracking
LogPluginManager: Mounting plugin PhysXVehicles
LogPluginManager: Mounting plugin PostSplashScreen
LogPluginManager: Mounting plugin ProceduralMeshComponent
LogPluginManager: Mounting plugin PropertyAccessEditor
LogPluginManager: Mounting plugin RuntimePhysXCooking
LogPluginManager: Mounting plugin SignificanceManager
LogPluginManager: Mounting plugin SoundFields
LogPluginManager: Mounting plugin Synthesis
LogPluginManager: Mounting plugin WebMMoviePlayer
LogPluginManager: Mounting plugin WindowsMoviePlayer
LogPluginManager: Mounting plugin ScreenshotTools
LogPluginManager: Mounting plugin CameraShakePreviewer
LogPluginManager: Mounting plugin GameplayCameras
LogPluginManager: Mounting plugin Takes
LogPluginManager: Mounting plugin ContentBrowserAssetDataSource
LogPluginManager: Mounting plugin ContentBrowserClassDataSource
LogPluginManager: Mounting plugin ContentBrowserFileDataSource
LogPluginManager: Mounting plugin OnlineSubsystemGooglePlay
LogPluginManager: Mounting plugin OnlineSubsystemIOS
LogPluginManager: Mounting plugin OculusVR
LogPluginManager: Mounting plugin SteamVR
PixWinPlugin: PIX capture plugin failed to initialize! Check that the process is launched from PIX.
LogInit: Using libcurl 7.55.1-DEV
LogInit:  - built for x86_64-pc-win32
LogInit:  - supports SSL with OpenSSL/1.1.1
LogInit:  - supports HTTP deflate (compression) using libz 1.2.8
LogInit:  - other features:
LogInit:      CURL_VERSION_SSL
LogInit:      CURL_VERSION_LIBZ
LogInit:      CURL_VERSION_IPV6
LogInit:      CURL_VERSION_ASYNCHDNS
LogInit:      CURL_VERSION_LARGEFILE
LogInit:      CURL_VERSION_IDN
LogInit:  CurlRequestOptions (configurable via config and command line):
LogInit:  - bVerifyPeer = true  - Libcurl will verify peer certificate
LogInit:  - bUseHttpProxy = false  - Libcurl will NOT use HTTP proxy
LogInit:  - bDontReuseConnections = false  - Libcurl will reuse connections
LogInit:  - MaxHostConnections = 16  - Libcurl will limit the number of connections to a host
LogInit:  - LocalHostAddr = Default
LogInit:  - BufferSize = 65536
LogOnline: OSS: Creating online subsystem instance for: NULL
LogInit: WinSock: version 1.1 (2.2), MaxSocks=32767, MaxUdp=65467
LogOnline: OSS: TryLoadSubsystemAndSetDefault: Loaded subsystem for module [NULL]
LogOculusPluginWrapper: OculusPlugin initialized successfully
LogHMD: Failed initializing OVRPlugin 1.59.0
LogInit: Build: ++UE4+Release-4.27-CL-18319896
LogInit: Engine Version: 4.27.2-18319896+++UE4+Release-4.27
LogInit: Compatible Engine Version: 4.27.0-17155196+++UE4+Release-4.27
LogInit: Net CL: 17155196
LogInit: OS: Windows 10 (Release 2009) (), CPU: AMD Ryzen 5 3600X 6-Core Processor             , GPU: NVIDIA GeForce GTX 1650
LogInit: Compiled (64-bit): Nov 30 2021 07:12:08
LogInit: Compiled with Visual C++: 19.24.28315.00
LogInit: Build Configuration: Development
LogInit: Branch Name: ++UE4+Release-4.27
LogInit: Command Line: 
LogInit: Base Directory: D:/Program Files/UE_4.27/Engine/Binaries/Win64/
LogInit: Allocator: TBB
LogInit: Installed Engine Build: 1
LogDevObjectVersion: Number of dev versions registered: 29
LogDevObjectVersion:   Dev-Blueprints (B0D832E4-1F89-4F0D-ACCF-7EB736FD4AA2): 10
LogDevObjectVersion:   Dev-Build (E1C64328-A22C-4D53-A36C-8E866417BD8C): 0
LogDevObjectVersion:   Dev-Core (375EC13C-06E4-48FB-B500-84F0262A717E): 4
LogDevObjectVersion:   Dev-Editor (E4B068ED-F494-42E9-A231-DA0B2E46BB41): 40
LogDevObjectVersion:   Dev-Framework (CFFC743F-43B0-4480-9391-14DF171D2073): 37
LogDevObjectVersion:   Dev-Mobile (B02B49B5-BB20-44E9-A304-32B752E40360): 3
LogDevObjectVersion:   Dev-Networking (A4E4105C-59A1-49B5-A7C5-40C4547EDFEE): 0
LogDevObjectVersion:   Dev-Online (39C831C9-5AE6-47DC-9A44-9C173E1C8E7C): 0
LogDevObjectVersion:   Dev-Physics (78F01B33-EBEA-4F98-B9B4-84EACCB95AA2): 14
LogDevObjectVersion:   Dev-Platform (6631380F-2D4D-43E0-8009-CF276956A95A): 0
LogDevObjectVersion:   Dev-Rendering (12F88B9F-8875-4AFC-A67C-D90C383ABD29): 45
LogDevObjectVersion:   Dev-Sequencer (7B5AE74C-D270-4C10-A958-57980B212A5A): 13
LogDevObjectVersion:   Dev-VR (D7296918-1DD6-4BDD-9DE2-64A83CC13884): 3
LogDevObjectVersion:   Dev-LoadTimes (C2A15278-BFE7-4AFE-6C17-90FF531DF755): 1
LogDevObjectVersion:   Private-Geometry (6EACA3D4-40EC-4CC1-B786-8BED09428FC5): 3
LogDevObjectVersion:   Dev-AnimPhys (29E575DD-E0A3-4627-9D10-D276232CDCEA): 17
LogDevObjectVersion:   Dev-Anim (AF43A65D-7FD3-4947-9873-3E8ED9C1BB05): 15
LogDevObjectVersion:   Dev-ReflectionCapture (6B266CEC-1EC7-4B8F-A30B-E4D90942FC07): 1
LogDevObjectVersion:   Dev-Automation (0DF73D61-A23F-47EA-B727-89E90C41499A): 1
LogDevObjectVersion:   FortniteMain (601D1886-AC64-4F84-AA16-D3DE0DEAC7D6): 47
LogDevObjectVersion:   FortniteRelease (E7086368-6B23-4C58-8439-1B7016265E91): 1
LogDevObjectVersion:   Dev-Enterprise (9DFFBCD6-494F-0158-E221-12823C92A888): 10
LogDevObjectVersion:   Dev-Niagara (F2AED0AC-9AFE-416F-8664-AA7FFA26D6FC): 1
LogDevObjectVersion:   Dev-Destruction (174F1F0B-B4C6-45A5-B13F-2EE8D0FB917D): 10
LogDevObjectVersion:   Dev-Physics-Ext (35F94A83-E258-406C-A318-09F59610247C): 41
LogDevObjectVersion:   Dev-PhysicsMaterial-Chaos (B68FC16E-8B1B-42E2-B453-215C058844FE): 1
LogDevObjectVersion:   Dev-CineCamera (B2E18506-4273-CFC2-A54E-F4BB758BBA07): 1
LogDevObjectVersion:   Dev-VirtualProduction (64F58936-FD1B-42BA-BA96-7289D5D0FA4E): 1
LogDevObjectVersion:   Dev-MediaFramework (6F0ED827-A609-4895-9C91-998D90180EA4): 2
LogInit: Presizing for max 25165824 objects, including 0 objects not considered by GC, pre-allocating 0 bytes for permanent pool.
LogConfig: Applying CVar settings from Section [/Script/Engine.StreamingSettings] File [E:/GRY/PGIPW_II_powtorka/Pzp/Pzp_Zadanie_1/TopDownShooter_SN/TopDownShooter_SN/Saved/Config/Windows/Engine.ini]
LogConfig: Setting CVar [[s.MinBulkDataSizeForAsyncLoading:131072]]
LogConfig: Setting CVar [[s.AsyncLoadingThreadEnabled:0]]
LogConfig: Setting CVar [[s.EventDrivenLoaderEnabled:1]]
LogConfig: Setting CVar [[s.WarnIfTimeLimitExceeded:0]]
LogConfig: Setting CVar [[s.TimeLimitExceededMultiplier:1.5]]
LogConfig: Setting CVar [[s.TimeLimitExceededMinTime:0.005]]
LogConfig: Setting CVar [[s.UseBackgroundLevelStreaming:1]]
LogConfig: Setting CVar [[s.PriorityAsyncLoadingExtraTime:15.0]]
LogConfig: Setting CVar [[s.LevelStreamingActorsUpdateTimeLimit:5.0]]
LogConfig: Setting CVar [[s.PriorityLevelStreamingActorsUpdateExtraTime:5.0]]
LogConfig: Setting CVar [[s.LevelStreamingComponentsRegistrationGranularity:10]]
LogConfig: Setting CVar [[s.UnregisterComponentsTimeLimit:1.0]]
LogConfig: Setting CVar [[s.LevelStreamingComponentsUnregistrationGranularity:5]]
LogConfig: Setting CVar [[s.FlushStreamingOnExit:1]]
LogInit: Object subsystem initialized
LogConfig: Setting CVar [[con.DebugEarlyDefault:1]]
LogConfig: Setting CVar [[r.setres:1280x720]]
[2022.11.27-01.27.06:123][  0]LogConfig: Setting CVar [[r.VSync:0]]
[2022.11.27-01.27.06:123][  0]LogConfig: Setting CVar [[r.RHICmdBypass:0]]
[2022.11.27-01.27.06:123][  0]LogConfig: Applying CVar settings from Section [/Script/Engine.RendererSettings] File [E:/GRY/PGIPW_II_powtorka/Pzp/Pzp_Zadanie_1/TopDownShooter_SN/TopDownShooter_SN/Saved/Config/Windows/Engine.ini]
[2022.11.27-01.27.06:123][  0]LogConfig: Setting CVar [[r.GPUCrashDebugging:0]]
[2022.11.27-01.27.06:123][  0]LogConfig: Applying CVar settings from Section [/Script/Engine.RendererOverrideSettings] File [E:/GRY/PGIPW_II_powtorka/Pzp/Pzp_Zadanie_1/TopDownShooter_SN/TopDownShooter_SN/Saved/Config/Windows/Engine.ini]
[2022.11.27-01.27.06:123][  0]LogConfig: Applying CVar settings from Section [/Script/Engine.StreamingSettings] File [E:/GRY/PGIPW_II_powtorka/Pzp/Pzp_Zadanie_1/TopDownShooter_SN/TopDownShooter_SN/Saved/Config/Windows/Engine.ini]
[2022.11.27-01.27.06:123][  0]LogConfig: Setting CVar [[s.MinBulkDataSizeForAsyncLoading:131072]]
[2022.11.27-01.27.06:123][  0]LogConfig: Setting CVar [[s.AsyncLoadingThreadEnabled:0]]
[2022.11.27-01.27.06:123][  0]LogConfig: Setting CVar [[s.EventDrivenLoaderEnabled:1]]
[2022.11.27-01.27.06:123][  0]LogConfig: Setting CVar [[s.WarnIfTimeLimitExceeded:0]]
[2022.11.27-01.27.06:123][  0]LogConfig: Setting CVar [[s.TimeLimitExceededMultiplier:1.5]]
[2022.11.27-01.27.06:123][  0]LogConfig: Setting CVar [[s.TimeLimitExceededMinTime:0.005]]
[2022.11.27-01.27.06:123][  0]LogConfig: Setting CVar [[s.UseBackgroundLevelStreaming:1]]
[2022.11.27-01.27.06:123][  0]LogConfig: Setting CVar [[s.PriorityAsyncLoadingExtraTime:15.0]]
[2022.11.27-01.27.06:123][  0]LogConfig: Setting CVar [[s.LevelStreamingActorsUpdateTimeLimit:5.0]]
[2022.11.27-01.27.06:123][  0]LogConfig: Setting CVar [[s.PriorityLevelStreamingActorsUpdateExtraTime:5.0]]
[2022.11.27-01.27.06:123][  0]LogConfig: Setting CVar [[s.LevelStreamingComponentsRegistrationGranularity:10]]
[2022.11.27-01.27.06:123][  0]LogConfig: Setting CVar [[s.UnregisterComponentsTimeLimit:1.0]]
[2022.11.27-01.27.06:123][  0]LogConfig: Setting CVar [[s.LevelStreamingComponentsUnregistrationGranularity:5]]
[2022.11.27-01.27.06:123][  0]LogConfig: Setting CVar [[s.FlushStreamingOnExit:1]]
[2022.11.27-01.27.06:123][  0]LogConfig: Applying CVar settings from Section [/Script/Engine.GarbageCollectionSettings] File [E:/GRY/PGIPW_II_powtorka/Pzp/Pzp_Zadanie_1/TopDownShooter_SN/TopDownShooter_SN/Saved/Config/Windows/Engine.ini]
[2022.11.27-01.27.06:123][  0]LogConfig: Setting CVar [[gc.MaxObjectsNotConsideredByGC:1]]
[2022.11.27-01.27.06:123][  0]LogConfig: Setting CVar [[gc.SizeOfPermanentObjectPool:0]]
[2022.11.27-01.27.06:123][  0]LogConfig: Setting CVar [[gc.FlushStreamingOnGC:0]]
[2022.11.27-01.27.06:123][  0]LogConfig: Setting CVar [[gc.NumRetriesBeforeForcingGC:10]]
[2022.11.27-01.27.06:123][  0]LogConfig: Setting CVar [[gc.AllowParallelGC:1]]
[2022.11.27-01.27.06:123][  0]LogConfig: Setting CVar [[gc.TimeBetweenPurgingPendingKillObjects:61.1]]
[2022.11.27-01.27.06:123][  0]LogConfig: Setting CVar [[gc.MaxObjectsInEditor:25165824]]
[2022.11.27-01.27.06:123][  0]LogConfig: Setting CVar [[gc.IncrementalBeginDestroyEnabled:1]]
[2022.11.27-01.27.06:123][  0]LogConfig: Setting CVar [[gc.CreateGCClusters:1]]
[2022.11.27-01.27.06:123][  0]LogConfig: Setting CVar [[gc.MinGCClusterSize:5]]
[2022.11.27-01.27.06:123][  0]LogConfig: Setting CVar [[gc.ActorClusteringEnabled:0]]
[2022.11.27-01.27.06:123][  0]LogConfig: Setting CVar [[gc.BlueprintClusteringEnabled:0]]
[2022.11.27-01.27.06:123][  0]LogConfig: Setting CVar [[gc.UseDisregardForGCOnDedicatedServers:0]]
[2022.11.27-01.27.06:123][  0]LogConfig: Setting CVar [[gc.MultithreadedDestructionEnabled:1]]
[2022.11.27-01.27.06:123][  0]LogConfig: Applying CVar settings from Section [/Script/Engine.NetworkSettings] File [E:/GRY/PGIPW_II_powtorka/Pzp/Pzp_Zadanie_1/TopDownShooter_SN/TopDownShooter_SN/Saved/Config/Windows/Engine.ini]
[2022.11.27-01.27.06:123][  0]LogConfig: Applying CVar settings from Section [/Script/UnrealEd.CookerSettings] File [E:/GRY/PGIPW_II_powtorka/Pzp/Pzp_Zadanie_1/TopDownShooter_SN/TopDownShooter_SN/Saved/Config/Windows/Engine.ini]
[2022.11.27-01.27.06:130][  0]LogConfig: Applying CVar settings from Section [ViewDistanceQuality@3] File [E:/GRY/PGIPW_II_powtorka/Pzp/Pzp_Zadanie_1/TopDownShooter_SN/TopDownShooter_SN/Saved/Config/Windows/Scalability.ini]
[2022.11.27-01.27.06:130][  0]LogConfig: Setting CVar [[r.SkeletalMeshLODBias:0]]
[2022.11.27-01.27.06:130][  0]LogConfig: Setting CVar [[r.ViewDistanceScale:1.0]]
[2022.11.27-01.27.06:130][  0]LogConfig: Applying CVar settings from Section [AntiAliasingQuality@3] File [E:/GRY/PGIPW_II_powtorka/Pzp/Pzp_Zadanie_1/TopDownShooter_SN/TopDownShooter_SN/Saved/Config/Windows/Scalability.ini]
[2022.11.27-01.27.06:130][  0]LogConfig: Setting CVar [[r.PostProcessAAQuality:4]]
[2022.11.27-01.27.06:130][  0]LogConfig: Applying CVar settings from Section [ShadowQuality@3] File [E:/GRY/PGIPW_II_powtorka/Pzp/Pzp_Zadanie_1/TopDownShooter_SN/TopDownShooter_SN/Saved/Config/Windows/Scalability.ini]
[2022.11.27-01.27.06:130][  0]LogConfig: Setting CVar [[r.LightFunctionQuality:1]]
[2022.11.27-01.27.06:130][  0]LogConfig: Setting CVar [[r.ShadowQuality:5]]
[2022.11.27-01.27.06:130][  0]LogConfig: Setting CVar [[r.Shadow.CSM.MaxCascades:10]]
[2022.11.27-01.27.06:130][  0]LogConfig: Setting CVar [[r.Shadow.MaxResolution:2048]]
[2022.11.27-01.27.06:130][  0]LogConfig: Setting CVar [[r.Shadow.MaxCSMResolution:2048]]
[2022.11.27-01.27.06:130][  0]LogConfig: Setting CVar [[r.Shadow.RadiusThreshold:0.01]]
[2022.11.27-01.27.06:130][  0]LogConfig: Setting CVar [[r.Shadow.DistanceScale:1.0]]
[2022.11.27-01.27.06:130][  0]LogConfig: Setting CVar [[r.Shadow.CSM.TransitionScale:1.0]]
[2022.11.27-01.27.06:130][  0]LogConfig: Setting CVar [[r.Shadow.PreShadowResolutionFactor:1.0]]
[2022.11.27-01.27.06:130][  0]LogConfig: Setting CVar [[r.DistanceFieldShadowing:1]]
[2022.11.27-01.27.06:130][  0]LogConfig: Setting CVar [[r.DistanceFieldAO:1]]
[2022.11.27-01.27.06:130][  0]LogConfig: Setting CVar [[r.AOQuality:2]]
[2022.11.27-01.27.06:130][  0]LogConfig: Setting CVar [[r.VolumetricFog:1]]
[2022.11.27-01.27.06:130][  0]LogConfig: Setting CVar [[r.VolumetricFog.GridPixelSize:8]]
[2022.11.27-01.27.06:130][  0]LogConfig: Setting CVar [[r.VolumetricFog.GridSizeZ:128]]
[2022.11.27-01.27.06:130][  0]LogConfig: Setting CVar [[r.VolumetricFog.HistoryMissSupersampleCount:4]]
[2022.11.27-01.27.06:130][  0]LogConfig: Setting CVar [[r.LightMaxDrawDistanceScale:1]]
[2022.11.27-01.27.06:130][  0]LogConfig: Setting CVar [[r.CapsuleShadows:1]]
[2022.11.27-01.27.06:130][  0]LogConfig: Applying CVar settings from Section [PostProcessQuality@3] File [E:/GRY/PGIPW_II_powtorka/Pzp/Pzp_Zadanie_1/TopDownShooter_SN/TopDownShooter_SN/Saved/Config/Windows/Scalability.ini]
[2022.11.27-01.27.06:130][  0]LogConfig: Setting CVar [[r.MotionBlurQuality:4]]
[2022.11.27-01.27.06:130][  0]LogConfig: Setting CVar [[r.AmbientOcclusionMipLevelFactor:0.4]]
[2022.11.27-01.27.06:130][  0]LogConfig: Setting CVar [[r.AmbientOcclusionMaxQuality:100]]
[2022.11.27-01.27.06:130][  0]LogConfig: Setting CVar [[r.AmbientOcclusionLevels:-1]]
[2022.11.27-01.27.06:130][  0]LogConfig: Setting CVar [[r.AmbientOcclusionRadiusScale:1.0]]
[2022.11.27-01.27.06:130][  0]LogConfig: Setting CVar [[r.DepthOfFieldQuality:2]]
[2022.11.27-01.27.06:130][  0]LogConfig: Setting CVar [[r.RenderTargetPoolMin:400]]
[2022.11.27-01.27.06:130][  0]LogConfig: Setting CVar [[r.LensFlareQuality:2]]
[2022.11.27-01.27.06:130][  0]LogConfig: Setting CVar [[r.SceneColorFringeQuality:1]]
[2022.11.27-01.27.06:130][  0]LogConfig: Setting CVar [[r.EyeAdaptationQuality:2]]
[2022.11.27-01.27.06:130][  0]LogConfig: Setting CVar [[r.BloomQuality:5]]
[2022.11.27-01.27.06:130][  0]LogConfig: Setting CVar [[r.FastBlurThreshold:100]]
[2022.11.27-01.27.06:130][  0]LogConfig: Setting CVar [[r.Upscale.Quality:3]]
[2022.11.27-01.27.06:130][  0]LogConfig: Setting CVar [[r.Tonemapper.GrainQuantization:1]]
[2022.11.27-01.27.06:130][  0]LogConfig: Setting CVar [[r.LightShaftQuality:1]]
[2022.11.27-01.27.06:130][  0]LogConfig: Setting CVar [[r.Filter.SizeScale:1]]
[2022.11.27-01.27.06:130][  0]LogConfig: Setting CVar [[r.Tonemapper.Quality:5]]
[2022.11.27-01.27.06:130][  0]LogConfig: Setting CVar [[r.DOF.Gather.AccumulatorQuality:1        ; higher gathering accumulator quality]]
[2022.11.27-01.27.06:130][  0]LogConfig: Setting CVar [[r.DOF.Gather.PostfilterMethod:1          ; Median3x3 postfilering method]]
[2022.11.27-01.27.06:130][  0]LogConfig: Setting CVar [[r.DOF.Gather.EnableBokehSettings:0       ; no bokeh simulation when gathering]]
[2022.11.27-01.27.06:130][  0]LogConfig: Setting CVar [[r.DOF.Gather.RingCount:4                 ; medium number of samples when gathering]]
[2022.11.27-01.27.06:130][  0]LogConfig: Setting CVar [[r.DOF.Scatter.ForegroundCompositing:1    ; additive foreground scattering]]
[2022.11.27-01.27.06:130][  0]LogConfig: Setting CVar [[r.DOF.Scatter.BackgroundCompositing:2    ; additive background scattering]]
[2022.11.27-01.27.06:130][  0]LogConfig: Setting CVar [[r.DOF.Scatter.EnableBokehSettings:1      ; bokeh simulation when scattering]]
[2022.11.27-01.27.06:130][  0]LogConfig: Setting CVar [[r.DOF.Scatter.MaxSpriteRatio:0.1         ; only a maximum of 10% of scattered bokeh]]
[2022.11.27-01.27.06:130][  0]LogConfig: Setting CVar [[r.DOF.Recombine.Quality:1                ; cheap slight out of focus]]
[2022.11.27-01.27.06:130][  0]LogConfig: Setting CVar [[r.DOF.Recombine.EnableBokehSettings:0    ; no bokeh simulation on slight out of focus]]
[2022.11.27-01.27.06:130][  0]LogConfig: Setting CVar [[r.DOF.TemporalAAQuality:1                ; more stable temporal accumulation]]
[2022.11.27-01.27.06:130][  0]LogConfig: Setting CVar [[r.DOF.Kernel.MaxForegroundRadius:0.025]]
[2022.11.27-01.27.06:130][  0]LogConfig: Setting CVar [[r.DOF.Kernel.MaxBackgroundRadius:0.025]]
[2022.11.27-01.27.06:130][  0]LogConfig: Applying CVar settings from Section [TextureQuality@3] File [E:/GRY/PGIPW_II_powtorka/Pzp/Pzp_Zadanie_1/TopDownShooter_SN/TopDownShooter_SN/Saved/Config/Windows/Scalability.ini]
[2022.11.27-01.27.06:130][  0]LogConfig: Setting CVar [[r.Streaming.MipBias:0]]
[2022.11.27-01.27.06:130][  0]LogConfig: Setting CVar [[r.Streaming.AmortizeCPUToGPUCopy:0]]
[2022.11.27-01.27.06:130][  0]LogConfig: Setting CVar [[r.Streaming.MaxNumTexturesToStreamPerFrame:0]]
[2022.11.27-01.27.06:130][  0]LogConfig: Setting CVar [[r.Streaming.Boost:1]]
[2022.11.27-01.27.06:130][  0]LogConfig: Setting CVar [[r.MaxAnisotropy:8]]
[2022.11.27-01.27.06:130][  0]LogConfig: Setting CVar [[r.VT.MaxAnisotropy:8]]
[2022.11.27-01.27.06:130][  0]LogConfig: Setting CVar [[r.Streaming.LimitPoolSizeToVRAM:0]]
[2022.11.27-01.27.06:130][  0]LogConfig: Setting CVar [[r.Streaming.PoolSize:1000]]
[2022.11.27-01.27.06:130][  0]LogConfig: Setting CVar [[r.Streaming.MaxEffectiveScreenSize:0]]
[2022.11.27-01.27.06:130][  0]LogConfig: Applying CVar settings from Section [EffectsQuality@3] File [E:/GRY/PGIPW_II_powtorka/Pzp/Pzp_Zadanie_1/TopDownShooter_SN/TopDownShooter_SN/Saved/Config/Windows/Scalability.ini]
[2022.11.27-01.27.06:130][  0]LogConfig: Setting CVar [[r.TranslucencyLightingVolumeDim:64]]
[2022.11.27-01.27.06:130][  0]LogConfig: Setting CVar [[r.RefractionQuality:2]]
[2022.11.27-01.27.06:130][  0]LogConfig: Setting CVar [[r.SSR.Quality:3]]
[2022.11.27-01.27.06:130][  0]LogConfig: Setting CVar [[r.SSR.HalfResSceneColor:0]]
[2022.11.27-01.27.06:130][  0]LogConfig: Setting CVar [[r.SceneColorFormat:4]]
[2022.11.27-01.27.06:130][  0]LogConfig: Setting CVar [[r.DetailMode:2]]
[2022.11.27-01.27.06:130][  0]LogConfig: Setting CVar [[r.TranslucencyVolumeBlur:1]]
[2022.11.27-01.27.06:130][  0]LogConfig: Setting CVar [[r.MaterialQualityLevel:1 ; High quality]]
[2022.11.27-01.27.06:130][  0]LogConfig: Setting CVar [[r.AnisotropicMaterials:1]]
[2022.11.27-01.27.06:130][  0]LogConfig: Setting CVar [[r.SSS.Scale:1]]
[2022.11.27-01.27.06:130][  0]LogConfig: Setting CVar [[r.SSS.SampleSet:2]]
[2022.11.27-01.27.06:130][  0]LogConfig: Setting CVar [[r.SSS.Quality:1]]
[2022.11.27-01.27.06:130][  0]LogConfig: Setting CVar [[r.SSS.HalfRes:0]]
[2022.11.27-01.27.06:130][  0]LogConfig: Setting CVar [[r.SSGI.Quality:3]]
[2022.11.27-01.27.06:130][  0]LogConfig: Setting CVar [[r.EmitterSpawnRateScale:1.0]]
[2022.11.27-01.27.06:130][  0]LogConfig: Setting CVar [[r.ParticleLightQuality:2]]
[2022.11.27-01.27.06:130][  0]LogConfig: Setting CVar [[r.SkyAtmosphere.AerialPerspectiveLUT.FastApplyOnOpaque:1 ; Always have FastSkyLUT 1 in this case to avoid wrong sky]]
[2022.11.27-01.27.06:130][  0]LogConfig: Setting CVar [[r.SkyAtmosphere.AerialPerspectiveLUT.SampleCountMaxPerSlice:4]]
[2022.11.27-01.27.06:130][  0]LogConfig: Setting CVar [[r.SkyAtmosphere.AerialPerspectiveLUT.DepthResolution:16.0]]
[2022.11.27-01.27.06:130][  0]LogConfig: Setting CVar [[r.SkyAtmosphere.FastSkyLUT:1]]
[2022.11.27-01.27.06:130][  0]LogConfig: Setting CVar [[r.SkyAtmosphere.FastSkyLUT.SampleCountMin:4.0]]
[2022.11.27-01.27.06:130][  0]LogConfig: Setting CVar [[r.SkyAtmosphere.FastSkyLUT.SampleCountMax:128.0]]
[2022.11.27-01.27.06:130][  0]LogConfig: Setting CVar [[r.SkyAtmosphere.SampleCountMin:4.0]]
[2022.11.27-01.27.06:130][  0]LogConfig: Setting CVar [[r.SkyAtmosphere.SampleCountMax:128.0]]
[2022.11.27-01.27.06:130][  0]LogConfig: Setting CVar [[r.SkyAtmosphere.TransmittanceLUT.UseSmallFormat:0]]
[2022.11.27-01.27.06:130][  0]LogConfig: Setting CVar [[r.SkyAtmosphere.TransmittanceLUT.SampleCount:10.0]]
[2022.11.27-01.27.06:130][  0]LogConfig: Setting CVar [[r.SkyAtmosphere.MultiScatteringLUT.SampleCount:15.0]]
[2022.11.27-01.27.06:130][  0]LogConfig: Setting CVar [[r.SkyLight.RealTimeReflectionCapture:1]]
[2022.11.27-01.27.06:131][  0]LogConfig: Applying CVar settings from Section [FoliageQuality@3] File [E:/GRY/PGIPW_II_powtorka/Pzp/Pzp_Zadanie_1/TopDownShooter_SN/TopDownShooter_SN/Saved/Config/Windows/Scalability.ini]
[2022.11.27-01.27.06:131][  0]LogConfig: Setting CVar [[foliage.DensityScale:1.0]]
[2022.11.27-01.27.06:131][  0]LogConfig: Setting CVar [[grass.DensityScale:1.0]]
[2022.11.27-01.27.06:131][  0]LogConfig: Applying CVar settings from Section [ShadingQuality@3] File [E:/GRY/PGIPW_II_powtorka/Pzp/Pzp_Zadanie_1/TopDownShooter_SN/TopDownShooter_SN/Saved/Config/Windows/Scalability.ini]
[2022.11.27-01.27.06:131][  0]LogConfig: Setting CVar [[r.HairStrands.SkyLighting.IntegrationType:2]]
[2022.11.27-01.27.06:131][  0]LogConfig: Setting CVar [[r.HairStrands.SkyAO.SampleCount:4]]
[2022.11.27-01.27.06:131][  0]LogConfig: Setting CVar [[r.HairStrands.Visibility.MSAA.SamplePerPixel:4]]
[2022.11.27-01.27.06:131][  0]LogInit: Selected Device Profile: [Windows]
[2022.11.27-01.27.06:131][  0]LogInit: Applying CVar settings loaded from the selected device profile: [Windows]
[2022.11.27-01.27.06:131][  0]LogHAL: Display: Platform has ~ 32 GB [34311163904 / 34359738368 / 32], which maps to Largest [LargestMinGB=32, LargerMinGB=12, DefaultMinGB=8, SmallerMinGB=6, SmallestMinGB=0)
[2022.11.27-01.27.06:131][  0]LogInit: Going up to parent DeviceProfile []
[2022.11.27-01.27.06:131][  0]LogConfig: Applying CVar settings from Section [ViewDistanceQuality@3] File [E:/GRY/PGIPW_II_powtorka/Pzp/Pzp_Zadanie_1/TopDownShooter_SN/TopDownShooter_SN/Saved/Config/Windows/Scalability.ini]
[2022.11.27-01.27.06:131][  0]LogConfig: Setting CVar [[r.SkeletalMeshLODBias:0]]
[2022.11.27-01.27.06:131][  0]LogConfig: Setting CVar [[r.ViewDistanceScale:1.0]]
[2022.11.27-01.27.06:131][  0]LogConfig: Applying CVar settings from Section [AntiAliasingQuality@3] File [E:/GRY/PGIPW_II_powtorka/Pzp/Pzp_Zadanie_1/TopDownShooter_SN/TopDownShooter_SN/Saved/Config/Windows/Scalability.ini]
[2022.11.27-01.27.06:131][  0]LogConfig: Setting CVar [[r.PostProcessAAQuality:4]]
[2022.11.27-01.27.06:131][  0]LogConfig: Applying CVar settings from Section [ShadowQuality@3] File [E:/GRY/PGIPW_II_powtorka/Pzp/Pzp_Zadanie_1/TopDownShooter_SN/TopDownShooter_SN/Saved/Config/Windows/Scalability.ini]
[2022.11.27-01.27.06:131][  0]LogConfig: Setting CVar [[r.LightFunctionQuality:1]]
[2022.11.27-01.27.06:131][  0]LogConfig: Setting CVar [[r.ShadowQuality:5]]
[2022.11.27-01.27.06:131][  0]LogConfig: Setting CVar [[r.Shadow.CSM.MaxCascades:10]]
[2022.11.27-01.27.06:131][  0]LogConfig: Setting CVar [[r.Shadow.MaxResolution:2048]]
[2022.11.27-01.27.06:131][  0]LogConfig: Setting CVar [[r.Shadow.MaxCSMResolution:2048]]
[2022.11.27-01.27.06:131][  0]LogConfig: Setting CVar [[r.Shadow.RadiusThreshold:0.01]]
[2022.11.27-01.27.06:131][  0]LogConfig: Setting CVar [[r.Shadow.DistanceScale:1.0]]
[2022.11.27-01.27.06:131][  0]LogConfig: Setting CVar [[r.Shadow.CSM.TransitionScale:1.0]]
[2022.11.27-01.27.06:131][  0]LogConfig: Setting CVar [[r.Shadow.PreShadowResolutionFactor:1.0]]
[2022.11.27-01.27.06:131][  0]LogConfig: Setting CVar [[r.DistanceFieldShadowing:1]]
[2022.11.27-01.27.06:131][  0]LogConfig: Setting CVar [[r.DistanceFieldAO:1]]
[2022.11.27-01.27.06:131][  0]LogConfig: Setting CVar [[r.AOQuality:2]]
[2022.11.27-01.27.06:131][  0]LogConfig: Setting CVar [[r.VolumetricFog:1]]
[2022.11.27-01.27.06:131][  0]LogConfig: Setting CVar [[r.VolumetricFog.GridPixelSize:8]]
[2022.11.27-01.27.06:131][  0]LogConfig: Setting CVar [[r.VolumetricFog.GridSizeZ:128]]
[2022.11.27-01.27.06:131][  0]LogConfig: Setting CVar [[r.VolumetricFog.HistoryMissSupersampleCount:4]]
[2022.11.27-01.27.06:131][  0]LogConfig: Setting CVar [[r.LightMaxDrawDistanceScale:1]]
[2022.11.27-01.27.06:131][  0]LogConfig: Setting CVar [[r.CapsuleShadows:1]]
[2022.11.27-01.27.06:131][  0]LogConfig: Applying CVar settings from Section [PostProcessQuality@3] File [E:/GRY/PGIPW_II_powtorka/Pzp/Pzp_Zadanie_1/TopDownShooter_SN/TopDownShooter_SN/Saved/Config/Windows/Scalability.ini]
[2022.11.27-01.27.06:131][  0]LogConfig: Setting CVar [[r.MotionBlurQuality:4]]
[2022.11.27-01.27.06:131][  0]LogConfig: Setting CVar [[r.AmbientOcclusionMipLevelFactor:0.4]]
[2022.11.27-01.27.06:131][  0]LogConfig: Setting CVar [[r.AmbientOcclusionMaxQuality:100]]
[2022.11.27-01.27.06:131][  0]LogConfig: Setting CVar [[r.AmbientOcclusionLevels:-1]]
[2022.11.27-01.27.06:131][  0]LogConfig: Setting CVar [[r.AmbientOcclusionRadiusScale:1.0]]
[2022.11.27-01.27.06:131][  0]LogConfig: Setting CVar [[r.DepthOfFieldQuality:2]]
[2022.11.27-01.27.06:131][  0]LogConfig: Setting CVar [[r.RenderTargetPoolMin:400]]
[2022.11.27-01.27.06:131][  0]LogConfig: Setting CVar [[r.LensFlareQuality:2]]
[2022.11.27-01.27.06:131][  0]LogConfig: Setting CVar [[r.SceneColorFringeQuality:1]]
[2022.11.27-01.27.06:131][  0]LogConfig: Setting CVar [[r.EyeAdaptationQuality:2]]
[2022.11.27-01.27.06:131][  0]LogConfig: Setting CVar [[r.BloomQuality:5]]
[2022.11.27-01.27.06:131][  0]LogConfig: Setting CVar [[r.FastBlurThreshold:100]]
[2022.11.27-01.27.06:131][  0]LogConfig: Setting CVar [[r.Upscale.Quality:3]]
[2022.11.27-01.27.06:131][  0]LogConfig: Setting CVar [[r.Tonemapper.GrainQuantization:1]]
[2022.11.27-01.27.06:131][  0]LogConfig: Setting CVar [[r.LightShaftQuality:1]]
[2022.11.27-01.27.06:131][  0]LogConfig: Setting CVar [[r.Filter.SizeScale:1]]
[2022.11.27-01.27.06:131][  0]LogConfig: Setting CVar [[r.Tonemapper.Quality:5]]
[2022.11.27-01.27.06:131][  0]LogConfig: Setting CVar [[r.DOF.Gather.AccumulatorQuality:1        ; higher gathering accumulator quality]]
[2022.11.27-01.27.06:131][  0]LogConfig: Setting CVar [[r.DOF.Gather.PostfilterMethod:1          ; Median3x3 postfilering method]]
[2022.11.27-01.27.06:131][  0]LogConfig: Setting CVar [[r.DOF.Gather.EnableBokehSettings:0       ; no bokeh simulation when gathering]]
[2022.11.27-01.27.06:131][  0]LogConfig: Setting CVar [[r.DOF.Gather.RingCount:4                 ; medium number of samples when gathering]]
[2022.11.27-01.27.06:131][  0]LogConfig: Setting CVar [[r.DOF.Scatter.ForegroundCompositing:1    ; additive foreground scattering]]
[2022.11.27-01.27.06:131][  0]LogConfig: Setting CVar [[r.DOF.Scatter.BackgroundCompositing:2    ; additive background scattering]]
[2022.11.27-01.27.06:131][  0]LogConfig: Setting CVar [[r.DOF.Scatter.EnableBokehSettings:1      ; bokeh simulation when scattering]]
[2022.11.27-01.27.06:131][  0]LogConfig: Setting CVar [[r.DOF.Scatter.MaxSpriteRatio:0.1         ; only a maximum of 10% of scattered bokeh]]
[2022.11.27-01.27.06:131][  0]LogConfig: Setting CVar [[r.DOF.Recombine.Quality:1                ; cheap slight out of focus]]
[2022.11.27-01.27.06:131][  0]LogConfig: Setting CVar [[r.DOF.Recombine.EnableBokehSettings:0    ; no bokeh simulation on slight out of focus]]
[2022.11.27-01.27.06:131][  0]LogConfig: Setting CVar [[r.DOF.TemporalAAQuality:1                ; more stable temporal accumulation]]
[2022.11.27-01.27.06:131][  0]LogConfig: Setting CVar [[r.DOF.Kernel.MaxForegroundRadius:0.025]]
[2022.11.27-01.27.06:131][  0]LogConfig: Setting CVar [[r.DOF.Kernel.MaxBackgroundRadius:0.025]]
[2022.11.27-01.27.06:131][  0]LogConfig: Applying CVar settings from Section [TextureQuality@3] File [E:/GRY/PGIPW_II_powtorka/Pzp/Pzp_Zadanie_1/TopDownShooter_SN/TopDownShooter_SN/Saved/Config/Windows/Scalability.ini]
[2022.11.27-01.27.06:131][  0]LogConfig: Setting CVar [[r.Streaming.MipBias:0]]
[2022.11.27-01.27.06:131][  0]LogConfig: Setting CVar [[r.Streaming.AmortizeCPUToGPUCopy:0]]
[2022.11.27-01.27.06:131][  0]LogConfig: Setting CVar [[r.Streaming.MaxNumTexturesToStreamPerFrame:0]]
[2022.11.27-01.27.06:131][  0]LogConfig: Setting CVar [[r.Streaming.Boost:1]]
[2022.11.27-01.27.06:131][  0]LogConfig: Setting CVar [[r.MaxAnisotropy:8]]
[2022.11.27-01.27.06:131][  0]LogConfig: Setting CVar [[r.VT.MaxAnisotropy:8]]
[2022.11.27-01.27.06:131][  0]LogConfig: Setting CVar [[r.Streaming.LimitPoolSizeToVRAM:0]]
[2022.11.27-01.27.06:131][  0]LogConfig: Setting CVar [[r.Streaming.PoolSize:1000]]
[2022.11.27-01.27.06:131][  0]LogConfig: Setting CVar [[r.Streaming.MaxEffectiveScreenSize:0]]
[2022.11.27-01.27.06:131][  0]LogConfig: Applying CVar settings from Section [EffectsQuality@3] File [E:/GRY/PGIPW_II_powtorka/Pzp/Pzp_Zadanie_1/TopDownShooter_SN/TopDownShooter_SN/Saved/Config/Windows/Scalability.ini]
[2022.11.27-01.27.06:131][  0]LogConfig: Setting CVar [[r.TranslucencyLightingVolumeDim:64]]
[2022.11.27-01.27.06:131][  0]LogConfig: Setting CVar [[r.RefractionQuality:2]]
[2022.11.27-01.27.06:131][  0]LogConfig: Setting CVar [[r.SSR.Quality:3]]
[2022.11.27-01.27.06:131][  0]LogConfig: Setting CVar [[r.SSR.HalfResSceneColor:0]]
[2022.11.27-01.27.06:131][  0]LogConfig: Setting CVar [[r.SceneColorFormat:4]]
[2022.11.27-01.27.06:131][  0]LogConfig: Setting CVar [[r.DetailMode:2]]
[2022.11.27-01.27.06:131][  0]LogConfig: Setting CVar [[r.TranslucencyVolumeBlur:1]]
[2022.11.27-01.27.06:131][  0]LogConfig: Setting CVar [[r.MaterialQualityLevel:1 ; High quality]]
[2022.11.27-01.27.06:131][  0]LogConfig: Setting CVar [[r.AnisotropicMaterials:1]]
[2022.11.27-01.27.06:131][  0]LogConfig: Setting CVar [[r.SSS.Scale:1]]
[2022.11.27-01.27.06:131][  0]LogConfig: Setting CVar [[r.SSS.SampleSet:2]]
[2022.11.27-01.27.06:131][  0]LogConfig: Setting CVar [[r.SSS.Quality:1]]
[2022.11.27-01.27.06:131][  0]LogConfig: Setting CVar [[r.SSS.HalfRes:0]]
[2022.11.27-01.27.06:131][  0]LogConfig: Setting CVar [[r.SSGI.Quality:3]]
[2022.11.27-01.27.06:131][  0]LogConfig: Setting CVar [[r.EmitterSpawnRateScale:1.0]]
[2022.11.27-01.27.06:131][  0]LogConfig: Setting CVar [[r.ParticleLightQuality:2]]
[2022.11.27-01.27.06:131][  0]LogConfig: Setting CVar [[r.SkyAtmosphere.AerialPerspectiveLUT.FastApplyOnOpaque:1 ; Always have FastSkyLUT 1 in this case to avoid wrong sky]]
[2022.11.27-01.27.06:131][  0]LogConfig: Setting CVar [[r.SkyAtmosphere.AerialPerspectiveLUT.SampleCountMaxPerSlice:4]]
[2022.11.27-01.27.06:131][  0]LogConfig: Setting CVar [[r.SkyAtmosphere.AerialPerspectiveLUT.DepthResolution:16.0]]
[2022.11.27-01.27.06:132][  0]LogConfig: Setting CVar [[r.SkyAtmosphere.FastSkyLUT:1]]
[2022.11.27-01.27.06:132][  0]LogConfig: Setting CVar [[r.SkyAtmosphere.FastSkyLUT.SampleCountMin:4.0]]
[2022.11.27-01.27.06:132][  0]LogConfig: Setting CVar [[r.SkyAtmosphere.FastSkyLUT.SampleCountMax:128.0]]
[2022.11.27-01.27.06:132][  0]LogConfig: Setting CVar [[r.SkyAtmosphere.SampleCountMin:4.0]]
[2022.11.27-01.27.06:132][  0]LogConfig: Setting CVar [[r.SkyAtmosphere.SampleCountMax:128.0]]
[2022.11.27-01.27.06:132][  0]LogConfig: Setting CVar [[r.SkyAtmosphere.TransmittanceLUT.UseSmallFormat:0]]
[2022.11.27-01.27.06:132][  0]LogConfig: Setting CVar [[r.SkyAtmosphere.TransmittanceLUT.SampleCount:10.0]]
[2022.11.27-01.27.06:132][  0]LogConfig: Setting CVar [[r.SkyAtmosphere.MultiScatteringLUT.SampleCount:15.0]]
[2022.11.27-01.27.06:132][  0]LogConfig: Setting CVar [[r.SkyLight.RealTimeReflectionCapture:1]]
[2022.11.27-01.27.06:132][  0]LogConfig: Applying CVar settings from Section [FoliageQuality@3] File [E:/GRY/PGIPW_II_powtorka/Pzp/Pzp_Zadanie_1/TopDownShooter_SN/TopDownShooter_SN/Saved/Config/Windows/Scalability.ini]
[2022.11.27-01.27.06:132][  0]LogConfig: Setting CVar [[foliage.DensityScale:1.0]]
[2022.11.27-01.27.06:132][  0]LogConfig: Setting CVar [[grass.DensityScale:1.0]]
[2022.11.27-01.27.06:132][  0]LogConfig: Applying CVar settings from Section [ShadingQuality@3] File [E:/GRY/PGIPW_II_powtorka/Pzp/Pzp_Zadanie_1/TopDownShooter_SN/TopDownShooter_SN/Saved/Config/Windows/Scalability.ini]
[2022.11.27-01.27.06:132][  0]LogConfig: Setting CVar [[r.HairStrands.SkyLighting.IntegrationType:2]]
[2022.11.27-01.27.06:132][  0]LogConfig: Setting CVar [[r.HairStrands.SkyAO.SampleCount:4]]
[2022.11.27-01.27.06:132][  0]LogConfig: Setting CVar [[r.HairStrands.Visibility.MSAA.SamplePerPixel:4]]
[2022.11.27-01.27.06:132][  0]LogConfig: Applying CVar settings from Section [Startup] File [../../../Engine/Config/ConsoleVariables.ini]
[2022.11.27-01.27.06:132][  0]LogConfig: Setting CVar [[net.UseAdaptiveNetUpdateFrequency:0]]
[2022.11.27-01.27.06:132][  0]LogConfig: Setting CVar [[p.chaos.AllowCreatePhysxBodies:1]]
[2022.11.27-01.27.06:132][  0]LogConfig: Setting CVar [[fx.SkipVectorVMBackendOptimizations:1]]
[2022.11.27-01.27.06:132][  0]LogConfig: Applying CVar settings from Section [ConsoleVariables] File [E:/GRY/PGIPW_II_powtorka/Pzp/Pzp_Zadanie_1/TopDownShooter_SN/TopDownShooter_SN/Saved/Config/Windows/Engine.ini]
[2022.11.27-01.27.06:132][  0]LogConfig: Applying CVar settings from Section [ConsoleVariables] File [E:/GRY/PGIPW_II_powtorka/Pzp/Pzp_Zadanie_1/TopDownShooter_SN/TopDownShooter_SN/Saved/Config/Windows/Editor.ini]
[2022.11.27-01.27.06:132][  0]LogInit: Computer: DESKTOP-MDVS6H8
[2022.11.27-01.27.06:133][  0]LogInit: User: Szjin
[2022.11.27-01.27.06:133][  0]LogInit: CPU Page size=4096, Cores=6
[2022.11.27-01.27.06:133][  0]LogInit: High frequency timer resolution =10.000000 MHz
[2022.11.27-01.27.06:133][  0]LogMemory: Memory total: Physical=32.0GB (32GB approx)
[2022.11.27-01.27.06:133][  0]LogMemory: Platform Memory Stats for Windows
[2022.11.27-01.27.06:133][  0]LogMemory: Process Physical Memory: 144.91 MB used, 144.91 MB peak
[2022.11.27-01.27.06:133][  0]LogMemory: Process Virtual Memory: 130.06 MB used, 130.06 MB peak
[2022.11.27-01.27.06:133][  0]LogMemory: Physical Memory: 6906.41 MB used,  25815.27 MB free, 32721.68 MB total
[2022.11.27-01.27.06:133][  0]LogMemory: Virtual Memory: 134189368.00 MB used,  28359.22 MB free, 134217728.00 MB total
[2022.11.27-01.27.06:137][  0]LogWindows: WindowsPlatformFeatures enabled
[2022.11.27-01.27.06:158][  0]LogInit: Physics initialised using underlying interface: PhysX
[2022.11.27-01.27.06:158][  0]LogInit: Using OS detected language (pl-PL).
[2022.11.27-01.27.06:158][  0]LogInit: Using OS detected locale (pl-PL).
[2022.11.27-01.27.06:160][  0]LogTextLocalizationManager: No specific localization for 'pl-PL' exists, so the 'pl' localization will be used.
[2022.11.27-01.27.06:161][  0]LogTextLocalizationResource: LocRes '../../../Engine/Content/Localization/Editor/pl/Editor.locres' could not be opened for reading!
[2022.11.27-01.27.06:161][  0]LogTextLocalizationResource: LocRes '../../../Engine/Content/Localization/EditorTutorials/pl/EditorTutorials.locres' could not be opened for reading!
[2022.11.27-01.27.06:161][  0]LogTextLocalizationResource: LocRes '../../../Engine/Content/Localization/Keywords/pl/Keywords.locres' could not be opened for reading!
[2022.11.27-01.27.06:161][  0]LogTextLocalizationResource: LocRes '../../../Engine/Content/Localization/Category/pl/Category.locres' could not be opened for reading!
[2022.11.27-01.27.06:161][  0]LogTextLocalizationResource: LocRes '../../../Engine/Content/Localization/ToolTips/pl/ToolTips.locres' could not be opened for reading!
[2022.11.27-01.27.06:161][  0]LogTextLocalizationResource: LocRes '../../../Engine/Content/Localization/PropertyNames/pl/PropertyNames.locres' could not be opened for reading!
[2022.11.27-01.27.06:161][  0]LogTextLocalizationResource: LocRes '../../../Engine/Content/Localization/Engine/pl/Engine.locres' could not be opened for reading!
[2022.11.27-01.27.06:162][  0]LogInit: Setting process to per monitor DPI aware
[2022.11.27-01.27.06:171][  0]LogWindowsTextInputMethodSystem: Display: IME system deactivated.
[2022.11.27-01.27.06:183][  0]LogSlate: New Slate User Created.  User Index 0, Is Virtual User: 0
[2022.11.27-01.27.06:183][  0]LogSlate: Slate User Registered.  User Index 0, Is Virtual User: 0
[2022.11.27-01.27.06:374][  0]LogD3D11RHI: Loaded GFSDK_Aftermath_Lib.x64.dll
[2022.11.27-01.27.06:376][  0]LogHMD: Failed to initialize OpenVR with code 110
[2022.11.27-01.27.06:376][  0]LogD3D11RHI: D3D11 min allowed feature level: 11_0
[2022.11.27-01.27.06:376][  0]LogD3D11RHI: D3D11 max allowed feature level: 11_0
[2022.11.27-01.27.06:376][  0]LogD3D11RHI: D3D11 adapters:
[2022.11.27-01.27.06:453][  0]LogD3D11RHI:    0. 'NVIDIA GeForce GTX 1650' (Feature Level 11_0)
[2022.11.27-01.27.06:453][  0]LogD3D11RHI:       3962/0/16360 MB DedicatedVideo/DedicatedSystem/SharedSystem, Outputs:2, VendorId:0x10de
[2022.11.27-01.27.06:455][  0]LogD3D11RHI:    1. 'Microsoft Basic Render Driver' (Feature Level 11_0)
[2022.11.27-01.27.06:455][  0]LogD3D11RHI:       0/0/16360 MB DedicatedVideo/DedicatedSystem/SharedSystem, Outputs:0, VendorId:0x1414
[2022.11.27-01.27.06:455][  0]LogD3D11RHI: Chosen D3D11 Adapter:
[2022.11.27-01.27.06:455][  0]LogD3D11RHI:     Description : NVIDIA GeForce GTX 1650
[2022.11.27-01.27.06:455][  0]LogD3D11RHI:     VendorId    : 10de
[2022.11.27-01.27.06:455][  0]LogD3D11RHI:     DeviceId    : 1f82
[2022.11.27-01.27.06:455][  0]LogD3D11RHI:     SubSysId    : 1f8210de
[2022.11.27-01.27.06:455][  0]LogD3D11RHI:     Revision    : 00a1
[2022.11.27-01.27.06:455][  0]LogD3D11RHI:     DedicatedVideoMemory : 4154458112 bytes
[2022.11.27-01.27.06:455][  0]LogD3D11RHI:     DedicatedSystemMemory : 0 bytes
[2022.11.27-01.27.06:455][  0]LogD3D11RHI:     SharedSystemMemory : 17155581952 bytes
[2022.11.27-01.27.06:455][  0]LogD3D11RHI:     AdapterLuid : 0 65315
[2022.11.27-01.27.06:459][  0]LogD3D11RHI: Creating new Direct3DDevice
[2022.11.27-01.27.06:459][  0]LogD3D11RHI:     GPU DeviceId: 0x1f82 (for the marketing name, search the web for "GPU Device Id")
[2022.11.27-01.27.06:459][  0]LogWindows: EnumDisplayDevices:
[2022.11.27-01.27.06:459][  0]LogWindows:    0. 'NVIDIA GeForce GTX 1650' (P:0 D:1)
[2022.11.27-01.27.06:460][  0]LogWindows:    1. 'NVIDIA GeForce GTX 1650' (P:1 D:1)
[2022.11.27-01.27.06:460][  0]LogWindows: DebugString: FoundDriverCount:2 
[2022.11.27-01.27.06:460][  0]LogD3D11RHI:     Adapter Name: NVIDIA GeForce GTX 1650
[2022.11.27-01.27.06:460][  0]LogD3D11RHI:   Driver Version: 516.94 (internal:31.0.15.1694, unified:516.94)
[2022.11.27-01.27.06:460][  0]LogD3D11RHI:      Driver Date: 7-21-2022
[2022.11.27-01.27.06:460][  0]LogRHI: Texture pool is 2773 MB (70% of 3962 MB)
[2022.11.27-01.27.06:460][  0]LogD3D11RHI: Creating D3DDevice using adapter:
[2022.11.27-01.27.06:460][  0]LogD3D11RHI:     Description : NVIDIA GeForce GTX 1650
[2022.11.27-01.27.06:460][  0]LogD3D11RHI:     VendorId    : 10de
[2022.11.27-01.27.06:460][  0]LogD3D11RHI:     DeviceId    : 1f82
[2022.11.27-01.27.06:460][  0]LogD3D11RHI:     SubSysId    : 1f8210de
[2022.11.27-01.27.06:460][  0]LogD3D11RHI:     Revision    : 00a1
[2022.11.27-01.27.06:460][  0]LogD3D11RHI:     DedicatedVideoMemory : 4154458112 bytes
[2022.11.27-01.27.06:460][  0]LogD3D11RHI:     DedicatedSystemMemory : 0 bytes
[2022.11.27-01.27.06:460][  0]LogD3D11RHI:     SharedSystemMemory : 17155581952 bytes
[2022.11.27-01.27.06:460][  0]LogD3D11RHI:     AdapterLuid : 0 65315
[2022.11.27-01.27.06:509][  0]LogD3D11RHI: RHI has support for 64 bit atomics
[2022.11.27-01.27.06:509][  0]LogD3D11RHI: Async texture creation enabled
[2022.11.27-01.27.06:509][  0]LogD3D11RHI: Array index from any shader is supported
[2022.11.27-01.27.06:523][  0]LogD3D11RHI: GPU Timing Frequency: 1000.000000 (Debug: 2 1)
[2022.11.27-01.27.06:544][  0]LogRHI: GeForceNow SDK initialized: 1
[2022.11.27-01.27.06:786][  0]LogTargetPlatformManager: Display: Loaded TargetPlatform 'AllDesktop'
[2022.11.27-01.27.06:805][  0]LogTargetPlatformManager: Display: Loaded TargetPlatform 'Android'
[2022.11.27-01.27.06:805][  0]LogTargetPlatformManager: Display: Loaded TargetPlatform 'Android_ASTC'
[2022.11.27-01.27.06:805][  0]LogTargetPlatformManager: Display: Loaded TargetPlatform 'Android_DXT'
[2022.11.27-01.27.06:805][  0]LogTargetPlatformManager: Display: Loaded TargetPlatform 'Android_ETC2'
[2022.11.27-01.27.06:805][  0]LogTargetPlatformManager: Display: Loaded TargetPlatform 'AndroidClient'
[2022.11.27-01.27.06:805][  0]LogTargetPlatformManager: Display: Loaded TargetPlatform 'Android_ASTCClient'
[2022.11.27-01.27.06:805][  0]LogTargetPlatformManager: Display: Loaded TargetPlatform 'Android_DXTClient'
[2022.11.27-01.27.06:805][  0]LogTargetPlatformManager: Display: Loaded TargetPlatform 'Android_ETC2Client'
[2022.11.27-01.27.06:805][  0]LogTargetPlatformManager: Display: Loaded TargetPlatform 'Android_Multi'
[2022.11.27-01.27.06:805][  0]LogTargetPlatformManager: Display: Loaded TargetPlatform 'Android_MultiClient'
[2022.11.27-01.27.06:823][  0]LogTargetPlatformManager: Display: Loaded TargetPlatform 'IOSClient'
[2022.11.27-01.27.06:823][  0]LogTargetPlatformManager: Display: Loaded TargetPlatform 'IOS'
[2022.11.27-01.27.06:831][  0]LogTargetPlatformManager: Display: Loaded TargetPlatform 'Linux'
[2022.11.27-01.27.06:835][  0]LogTargetPlatformManager: Display: Loaded TargetPlatform 'LinuxNoEditor'
[2022.11.27-01.27.06:839][  0]LogTargetPlatformManager: Display: Loaded TargetPlatform 'LinuxClient'
[2022.11.27-01.27.06:842][  0]LogTargetPlatformManager: Display: Loaded TargetPlatform 'LinuxServer'
[2022.11.27-01.27.06:850][  0]LogTargetPlatformManager: Display: Loaded TargetPlatform 'LinuxAArch64NoEditor'
[2022.11.27-01.27.06:854][  0]LogTargetPlatformManager: Display: Loaded TargetPlatform 'LinuxAArch64Client'
[2022.11.27-01.27.06:857][  0]LogTargetPlatformManager: Display: Loaded TargetPlatform 'LinuxAArch64Server'
[2022.11.27-01.27.06:879][  0]LogTargetPlatformManager: Display: Loaded TargetPlatform 'Lumin'
[2022.11.27-01.27.06:879][  0]LogTargetPlatformManager: Display: Loaded TargetPlatform 'LuminClient'
[2022.11.27-01.27.06:888][  0]LogTargetPlatformManager: Display: Loaded TargetPlatform 'MacNoEditor'
[2022.11.27-01.27.06:892][  0]LogTargetPlatformManager: Display: Loaded TargetPlatform 'Mac'
[2022.11.27-01.27.06:896][  0]LogTargetPlatformManager: Display: Loaded TargetPlatform 'MacClient'
[2022.11.27-01.27.06:900][  0]LogTargetPlatformManager: Display: Loaded TargetPlatform 'MacServer'
[2022.11.27-01.27.06:910][  0]LogTargetPlatformManager: Display: Loaded TargetPlatform 'TVOSClient'
[2022.11.27-01.27.06:910][  0]LogTargetPlatformManager: Display: Loaded TargetPlatform 'TVOS'
[2022.11.27-01.27.06:918][  0]LogTargetPlatformManager: Display: Loaded TargetPlatform 'WindowsNoEditor'
[2022.11.27-01.27.06:922][  0]LogTargetPlatformManager: Display: Loaded TargetPlatform 'Windows'
[2022.11.27-01.27.06:926][  0]LogTargetPlatformManager: Display: Loaded TargetPlatform 'WindowsClient'
[2022.11.27-01.27.06:930][  0]LogTargetPlatformManager: Display: Loaded TargetPlatform 'WindowsServer'
[2022.11.27-01.27.06:930][  0]LogTargetPlatformManager: Display: Building Assets For Windows
[2022.11.27-01.27.06:936][  0]LogAudioDebug: Display: Lib vorbis DLL was dynamically loaded.
[2022.11.27-01.27.06:961][  0]LogTextureFormatOodle: Display: Oodle Texture 2.9.0 init RDO Off
[2022.11.27-01.27.06:987][  0]LogRendererCore: Ray tracing is disabled. Reason: r.RayTracing=0.
[2022.11.27-01.27.06:987][  0]LogShaderCompilers: Guid format shader working directory is -32 characters bigger than the processId version (E:/GRY/PGIPW_II_powtorka/Pzp/Pzp_Zadanie_1/TopDownShooter_SN/TopDownShooter_SN/Intermediate/Shaders/WorkingDirectory/8268/).
[2022.11.27-01.27.06:987][  0]LogShaderCompilers: Cleaned the shader compiler working directory 'C:/Users/Szjin/AppData/Local/Temp/UnrealShaderWorkingDir/3D18EF7D4FCA20671A2223B6B27F9721/'.
[2022.11.27-01.27.06:987][  0]LogXGEController: Cannot use XGE Controller as Incredibuild is not installed on this machine.
[2022.11.27-01.27.06:987][  0]LogShaderCompilers: Cannot use XGE Shader Compiler as Incredibuild is not installed on this machine.
[2022.11.27-01.27.06:987][  0]LogShaderCompilers: Display: Using Local Shader Compiler.
[2022.11.27-01.27.07:622][  0]LogDerivedDataCache: Display: Max Cache Size: 512 MB
[2022.11.27-01.27.07:662][  0]LogDerivedDataCache: Loaded boot cache 0.04s 94MB C:/Users/Szjin/AppData/Local/UnrealEngine/4.27/DerivedDataCache/Boot.ddc.
[2022.11.27-01.27.07:663][  0]LogDerivedDataCache: Display: Loaded Boot cache: C:/Users/Szjin/AppData/Local/UnrealEngine/4.27/DerivedDataCache/Boot.ddc
[2022.11.27-01.27.07:663][  0]LogDerivedDataCache: FDerivedDataBackendGraph:  Pak pak cache file E:/GRY/PGIPW_II_powtorka/Pzp/Pzp_Zadanie_1/TopDownShooter_SN/TopDownShooter_SN/DerivedDataCache/DDC.ddp not found, will not use a pak cache.
[2022.11.27-01.27.07:663][  0]LogDerivedDataCache: Unable to find inner node Pak for hierarchical cache Hierarchy.
[2022.11.27-01.27.07:663][  0]LogDerivedDataCache: FDerivedDataBackendGraph:  CompressedPak pak cache file E:/GRY/PGIPW_II_powtorka/Pzp/Pzp_Zadanie_1/TopDownShooter_SN/TopDownShooter_SN/DerivedDataCache/Compressed.ddp not found, will not use a pak cache.
[2022.11.27-01.27.07:663][  0]LogDerivedDataCache: Unable to find inner node CompressedPak for hierarchical cache Hierarchy.
[2022.11.27-01.27.07:678][  0]LogDerivedDataCache: Display: Pak cache opened for reading ../../../Engine/DerivedDataCache/Compressed.ddp.
[2022.11.27-01.27.07:678][  0]LogDerivedDataCache: FDerivedDataBackendGraph:  EnterprisePak pak cache file ../../../Enterprise/DerivedDataCache/Compressed.ddp not found, will not use a pak cache.
[2022.11.27-01.27.07:678][  0]LogDerivedDataCache: Unable to find inner node EnterprisePak for hierarchical cache Hierarchy.
[2022.11.27-01.27.07:687][  0]LogDerivedDataCache: Speed tests for C:/Users/Szjin/AppData/Local/UnrealEngine/Common/DerivedDataCache took 0.01 seconds
[2022.11.27-01.27.07:687][  0]LogDerivedDataCache: Display: Performance to C:/Users/Szjin/AppData/Local/UnrealEngine/Common/DerivedDataCache: Latency=0.04ms. RandomReadSpeed=307.73MBs, RandomWriteSpeed=173.33MBs. Assigned SpeedClass 'Local'
[2022.11.27-01.27.07:688][  0]LogDerivedDataCache: Using Local data cache path C:/Users/Szjin/AppData/Local/UnrealEngine/Common/DerivedDataCache: Writable
[2022.11.27-01.27.07:688][  0]LogDerivedDataCache: Shared data cache path not found in *engine.ini, will not use an Shared cache.
[2022.11.27-01.27.07:688][  0]LogDerivedDataCache: Unable to find inner node Shared for hierarchical cache Hierarchy.
[2022.11.27-01.27.07:731][  0]LogSlate: Using FreeType 2.10.0
[2022.11.27-01.27.07:732][  0]LogSlate: SlateFontServices - WITH_FREETYPE: 1, WITH_HARFBUZZ: 1
[2022.11.27-01.27.07:754][  0]LogAssetRegistry: FAssetRegistry took 0.0027 seconds to start up
[2022.11.27-01.27.07:950][  0]LogInit: Selected Device Profile: [Windows]
[2022.11.27-01.27.07:950][  0]LogInit: Active device profile: [000001474C54D200][00000147491B0580 49] Windows
[2022.11.27-01.27.07:950][  0]LogInit: Profiles: [000001474C54D200][00000147491B0580 49] Windows, [000001474C49E500][0000014749200700 49] WindowsNoEditor, [000001474C54E300][000001474920C880 49] WindowsServer, [000001474C49F100][00000147491B49C0 49] WindowsClient, [000001474C54EF00][00000147491E2B00 49] IOS, [000001474C49DF00][00000147491EAC40 49] iPadAir, [000001474C54E400][00000147491EED80 49] iPadAir2, [000001474C351A00][000001474B819040 49] IPadPro, [000001474C351B00][000001474B815080 49] iPadAir3, [000001474C49F800][000001474B81D200 49] iPadAir4, [000001474C352900][000001474B821380 49] iPadMini2, [000001474C49F200][000001474B825500 49] iPadMini3, [000001474C353500][0000014742E37680 49] iPadMini4, [000001474C49DA00][0000014742D01800 49] iPadMini5, [000001474C369300][000001474B893AC0 49] iPhone6, [000001474C369400][0000014742D05B00 49] iPodTouch6, [000001474C54E900][0000014742DC2240 49] iPhone7, [000001474C54D700][0000014742DBE280 49] iPodTouch7, [000001474C350F00][0000014742D08400 49] iPhone5S, [000001474C54DB00][0000014742D0C580 49] iPhone6Plus, [000001474C353D00][000001474CCB6700 49] iPhone6S, [000001474C54DF00][000001474CCC8880 49] iPhone6SPlus, [000001474C54F400][0000014742AC6A00 49] iPhone7Plus, [000001474C368800][000001474922AB40 49] iPhoneSE, [000001474C54C400][0000014742ACEC80 49] iPhone8, [000001474C368F00][0000014742ADEDC0 49] iPhone8Plus, [000001474C369600][000001474CA56F00 49] iPhoneX, [000001474C353300][000001474CA69080 49] iPhoneXS, [000001474C36A800][000001474CA6D200 49] iPhoneXSMax, [000001474C351D00][000001474CA71380 49] iPhoneXR, [000001474C36A900][000001474CA75500 49] iPhone11, [000001474C350300][000001474CA79680 49] iPhone11Pro, [000001474C36A500][000001474CA7D800 49] iPhone11ProMax, [000001474C350900][000001474CA81980 49] iPhoneSE2, [000001474C368A00][0000014742DC7B00 49] iPhone12Mini, [000001474C54F200][0000014742DCA100 49] iPhone12, [000001474C369800][0000014742DCE280 49] iPhone12Pro, [000001474C54F100][000001474CAF4400 49] iPhone12ProMax, [000001474C36B500][000001474CB0C580 49] iPadPro105, [000001474C54CB00][0000014742E0E700 49] iPadPro129, [000001474C368300][0000014742E12880 49] iPadPro97, [000001474C54D100][000001474CF98A00 49] iPadPro2_129, [000001474C368900][000001474CF9CB80 49] iPad5, [000001474C54E700][000001474CFA0D00 49] iPad6, [000001474C369200][000001474CA64E40 49] iPad7, [000001474C54D900][000001474153CF80 49] iPad8, [000001474C36A300][000001474154B0C0 49] iPadPro11, [000001474C54C600][0000014741553240 49] iPadPro2_11, [000001474C36BF00][00000147415573C0 49] iPadPro3_129, [000001474C54FE00][0000014742E17540 49] iPadPro4_129, [000001474C36B400][0000014742E1B6C0 49] AppleTV, [000001474C54E600][000001474CFA5840 49] AppleTV4K, [000001474C36AC00][00000147415419C0 49] TVOS, [000001474C54EE00][0000014742E2BB40 49] Mac, [000001474C368600][0000014742E2E140 49] MacClient, [000001474C54D800][0000014742E322C0 49] MacNoEditor, [000001474C368200][0000014742CA8440 49] MacServer, [000001474C54C200][0000014742CAC5C0 49] Linux, [000001474C368B00][0000014742AC2740 49] LinuxAArch64, [000001474C54E800][000001474CCCC8C0 49] LinuxNoEditor, [000001474C369A00][00000147491DEA40 49] LinuxAArch64NoEditor, [000001474C54E100][00000147491E6BC0 49] LinuxClient, [000001474C369700][0000014742CB0D40 49] LinuxAArch64Client, [000001474C54CC00][0000014742CB4EC0 49] LinuxServer, [000001474C36A400][000001474154F000 49] LinuxAArch64Server, [000001474C54CA00][0000014742CB9140 49] Android, [000001474C36BB00][0000014742CBD280 49] Android_Low, [000001474C54EB00][0000014742CC13C0 49] Android_Mid, [000001474C36AE00][0000014742CC9540 49] Android_High, [000001474C54D400][0000014742CCD6C0 49] Android_Default, [000001474C36B300][0000014742CD1840 49] Android_Adreno4xx, [000001474C54F500][0000014742CD59C0 49] Android_Adreno5xx_Low, [000001474C36B600][0000014742CD9B40 49] Android_Adreno5xx, [000001474C54DE00][0000014742CDC140 49] Android_Adreno6xx, [000001474C369000][0000014742CE02C0 49] Android_Adreno6xx_Vulkan, [000001474C54EC00][0000014742CE4440 49] Android_Mali_T6xx, [000001474C369500][0000014742CE85C0 49] Android_Mali_T7xx, [000001474C54CE00][0000014742CEC740 49] Android_Mali_T8xx, [000001474C36AD00][0000014742CF08C0 49] Android_Mali_G71, [000001474C351800][0000014742CF4A40 49] Android_Mali_G72, [000001474C49D000][0000014742CF8BC0 49] Android_Mali_G72_Vulkan, [000001474C352000][0000014742CFCD40 49] Android_Mali_G76, [000001474C49E700][000001474CC56EC0 49] Android_Mali_G76_Vulkan, [000001474C351000][000001474CC5B040 49] Android_Mali_G77, [000001474C49FC00][0000014742CC5180 49] Android_Mali_G77_Vulkan, [000001474C353600][000001474CC5F2C0 49] Android_Mali_G78, [000001474C49CD00][000001474CC63400 49] Android_Mali_G78_Vulkan, [000001474C351400][000001474CC67540 49] Android_Mali_G710, [000001474C49D800][000001474CC6F6C0 49] Android_Mali_G710_Vulkan, [000001474C352C00][000001474CC73840 49] Android_Vulkan_SM5, [000001474C49FB00][000001474CC779C0 49] Android_PowerVR_G6xxx, [000001474C353800][000001474CC7BB40 49] Android_PowerVR_GT7xxx, [000001474C49E200][000001474CC7E140 49] Android_PowerVR_GE8xxx, [000001474C350E00][000001474CC822C0 49] Android_PowerVR_GM9xxx, [000001474C49D200][000001474CC86440 49] Android_PowerVR_GM9xxx_Vulkan, [000001474C352400][000001474CC8A5C0 49] Android_TegraK1, [000001474C49D700][000001474CC8E740 49] Android_Unknown_Vulkan, [000001474C353B00][000001474CC928C0 49] Lumin, [000001474C49E000][000001474CC96A40 49] Lumin_Desktop, [000001474C353700][000001474CC9ABC0 49] HoloLens, 
[2022.11.27-01.27.08:056][  0]LogMeshReduction: Using QuadricMeshReduction for automatic static mesh reduction
[2022.11.27-01.27.08:056][  0]LogMeshReduction: Using SimplygonMeshReduction for automatic skeletal mesh reduction
[2022.11.27-01.27.08:056][  0]LogMeshReduction: Using ProxyLODMeshReduction for automatic mesh merging
[2022.11.27-01.27.08:056][  0]LogMeshReduction: No distributed automatic mesh merging module available
[2022.11.27-01.27.08:056][  0]LogMeshMerging: No distributed automatic mesh merging module available
[2022.11.27-01.27.08:070][  0]LogNetVersion: TopDownShooter_SN 1.0.0, NetCL: 17155196, EngineNetVer: 17, GameNetVer: 0 (Checksum: 1418616147)
[2022.11.27-01.27.08:398][  0]LogTexture: Default maximum texture size for cubemaps generated from long-lat sources has been changed from 512 to unlimited. In order to preserve old behaiour for '/Engine/MapTemplates/Sky/DaylightAmbientCubemap.DaylightAmbientCubemap', its maximum texture size has been explicitly set to 512.
[2022.11.27-01.27.08:442][  0]LogHMD: PokeAHoleMaterial loaded successfully
[2022.11.27-01.27.08:448][  0]LogUObjectArray: 17178 objects as part of root set at end of initial load.
[2022.11.27-01.27.08:448][  0]LogUObjectAllocator: 4302048 out of 0 bytes used by permanent object pool.
[2022.11.27-01.27.08:448][  0]LogUObjectArray: CloseDisregardForGC: 0/0 objects in disregard for GC pool
[2022.11.27-01.27.08:668][  0]LogNiagaraDebuggerClient: Niagara Debugger Client Initialized | Session: 92D75F4C4EFA77C447D4C0934E5E34BA | Instance: 0FD0A61C45686D7C429AC88DF6BB6C3D (DESKTOP-MDVS6H8-8268).
[2022.11.27-01.27.08:766][  0]LogPython: Using Python 3.7.7
[2022.11.27-01.27.09:200][  0]LogTcpMessaging: Initializing TcpMessaging bridge
[2022.11.27-01.27.09:203][  0]LogUdpMessaging: Initializing bridge on interface 0.0.0.0:0 to multicast group 230.0.0.1:6666.
[2022.11.27-01.27.09:331][  0]SourceControl: Source control is disabled
[2022.11.27-01.27.09:331][  0]SourceControl: Source control is disabled
[2022.11.27-01.27.09:334][  0]SourceControl: Source control is disabled
[2022.11.27-01.27.09:336][  0]SourceControl: Source control is disabled
[2022.11.27-01.27.09:340][  0]SourceControl: Source control is disabled
[2022.11.27-01.27.09:348][  0]LogUProjectInfo: Found projects:
[2022.11.27-01.27.09:354][  0]LogVSAccessor: Display: Unable to create Visual Studio setup instance: 80040154
[2022.11.27-01.27.09:354][  0]LogVSAccessor: Display: Unable to create Visual Studio setup instance: 80040154
[2022.11.27-01.27.09:354][  0]LogVSAccessor: Display: Unable to create Visual Studio setup instance: 80040154
[2022.11.27-01.27.09:531][  0]LogOpenImageDenoise: OIDN starting up
[2022.11.27-01.27.09:554][  0]LogAndroidPermission: UAndroidPermissionCallbackProxy::GetInstance
[2022.11.27-01.27.09:573][  0]LogAudioCaptureCore: Display: No Audio Capture implementations found. Audio input will be silent.
[2022.11.27-01.27.09:573][  0]LogAudioCaptureCore: Display: No Audio Capture implementations found. Audio input will be silent.
[2022.11.27-01.27.09:677][  0]LogCollectionManager: Loaded 0 collections in 0.000689 seconds
[2022.11.27-01.27.09:698][  0]LogFileCache: Scanning file cache for directory 'E:/GRY/PGIPW_II_powtorka/Pzp/Pzp_Zadanie_1/TopDownShooter_SN/TopDownShooter_SN/Saved/Collections/' took 0.00s
[2022.11.27-01.27.09:698][  0]LogFileCache: Scanning file cache for directory 'E:/GRY/PGIPW_II_powtorka/Pzp/Pzp_Zadanie_1/TopDownShooter_SN/TopDownShooter_SN/Content/Developers/Szjin/Collections/' took 0.00s
[2022.11.27-01.27.09:698][  0]LogFileCache: Scanning file cache for directory 'E:/GRY/PGIPW_II_powtorka/Pzp/Pzp_Zadanie_1/TopDownShooter_SN/TopDownShooter_SN/Content/Collections/' took 0.00s
[2022.11.27-01.27.09:698][  0]LogOcInput: OculusInput pre-init called
[2022.11.27-01.27.09:892][  0]LogEngine: Initializing Engine...
[2022.11.27-01.27.09:894][  0]LogHMD: Failed to enumerate extensions. Please check that you have a valid OpenXR runtime installed.
[2022.11.27-01.27.09:894][  0]LogHMD: Failed to initialize OpenVR with code 110
[2022.11.27-01.27.09:894][  0]LogMagicLeap: Warning: VR disabled because ZI is not enabled.  To enable, in the editor, Edit -> Project Settings -> Plugins -> Magic Leap Plugin -> Enable Zero Iteration
[2022.11.27-01.27.09:895][  0]LogStats: UGameplayTagsManager::InitializeManager -  0.000 s
[2022.11.27-01.27.09:993][  0]LogInit: Initializing FReadOnlyCVARCache
[2022.11.27-01.27.10:000][  0]LogAIModule: Creating AISystem for world Untitled
[2022.11.27-01.27.10:008][  0]LogAudio: Display: Initializing Audio Device Manager...
[2022.11.27-01.27.10:011][  0]LogAudio: Display: Loading Default Audio Settings Objects...
[2022.11.27-01.27.10:012][  0]LogAudio: Display: No default SoundConcurrencyObject specified (or failed to load).
[2022.11.27-01.27.10:012][  0]LogAudio: Display: Audio Device Manager Initialized
[2022.11.27-01.27.10:012][  0]LogAudio: Display: Creating Audio Device:                 Id: 1, Scope: Shared, Realtime: True
[2022.11.27-01.27.10:012][  0]LogAudioMixer: Display: Audio Mixer Platform Settings:
[2022.11.27-01.27.10:012][  0]LogAudioMixer: Display: 	Sample Rate:						  48000
[2022.11.27-01.27.10:012][  0]LogAudioMixer: Display: 	Callback Buffer Frame Size Requested: 1024
[2022.11.27-01.27.10:012][  0]LogAudioMixer: Display: 	Callback Buffer Frame Size To Use:	  1024
[2022.11.27-01.27.10:012][  0]LogAudioMixer: Display: 	Number of buffers to queue:			  2
[2022.11.27-01.27.10:012][  0]LogAudioMixer: Display: 	Max Channels (voices):				  32
[2022.11.27-01.27.10:012][  0]LogAudioMixer: Display: 	Number of Async Source Workers:		  0
[2022.11.27-01.27.10:012][  0]LogAudio: Display: AudioDevice MaxSources: 32
[2022.11.27-01.27.10:012][  0]LogAudio: Display: Audio Spatialization Plugin: None (built-in).
[2022.11.27-01.27.10:012][  0]LogAudio: Display: Audio Reverb Plugin: None (built-in).
[2022.11.27-01.27.10:013][  0]LogAudio: Display: Audio Occlusion Plugin: None (built-in).
[2022.11.27-01.27.10:013][  0]LogAudioMixer: Display: Initializing audio mixer.
[2022.11.27-01.27.10:024][  0]LogAudioMixer: Display: 0: FrontLeft
[2022.11.27-01.27.10:024][  0]LogAudioMixer: Display: 1: FrontRight
[2022.11.27-01.27.10:047][  0]LogAudioMixer: Display: Using Audio Device Słuchawki (Tronsmart Element T6 Plus Stereo)
[2022.11.27-01.27.10:048][  0]LogAudioMixer: Display: Initializing Sound Submixes...
[2022.11.27-01.27.10:050][  0]LogAudioMixer: Display: Creating Master Submix 'MasterSubmixDefault'
[2022.11.27-01.27.10:050][  0]LogAudioMixer: Display: Creating Master Submix 'MasterReverbSubmixDefault'
[2022.11.27-01.27.10:051][  0]LogAudioMixer: Display: Creating Master Submix 'MasterEQSubmixDefault'
[2022.11.27-01.27.10:051][  0]LogAudioMixer: FMixerPlatformXAudio2::StartAudioStream() called
[2022.11.27-01.27.10:051][  0]LogAudioMixer: Display: Output buffers initialized: Frames=1024, Channels=2, Samples=2048
[2022.11.27-01.27.10:052][  0]LogAudioMixer: Display: Starting AudioMixerPlatformInterface::RunInternal()
[2022.11.27-01.27.10:052][  0]LogAudioMixer: Display: FMixerPlatformXAudio2::SubmitBuffer() called for the first time
[2022.11.27-01.27.10:052][  0]LogInit: FAudioDevice initialized.
[2022.11.27-01.27.10:052][  0]LogAudio: Display: Audio Device (ID: 1) registered with world 'Untitled'.
[2022.11.27-01.27.10:052][  0]LogNetVersion: Set ProjectVersion to 1.0.0.0. Version Checksum will be recalculated on next use.
[2022.11.27-01.27.10:129][  0]LogDerivedDataCache: Saved boot cache 0.08s 94MB C:/Users/Szjin/AppData/Local/UnrealEngine/4.27/DerivedDataCache/Boot.ddc.
[2022.11.27-01.27.10:129][  0]LogInit: Texture streaming: Enabled
[2022.11.27-01.27.10:140][  0]LogAnalytics: Display: [UEEditor.Rocket.Release] APIServer = https://datarouter.ol.epicgames.com/. AppVersion = 4.27.2-18319896+++UE4+Release-4.27
[2022.11.27-01.27.10:143][  0]LogEngineSessionManager: EngineSessionManager initialized
[2022.11.27-01.27.10:143][  0]LogEditorSessionSummary: Verbose: Initializing EditorSessionSummaryWriter for editor session tracking
[2022.11.27-01.27.10:144][  0]LogEditorSessionSummary: EditorSessionSummaryWriter initialized
[2022.11.27-01.27.10:163][  0]LogInit: Transaction tracking system initialized
[2022.11.27-01.27.10:181][  0]BlueprintLog: New page: Editor Load
[2022.11.27-01.27.10:231][  0]LocalizationService: Localization service is disabled
[2022.11.27-01.27.10:251][  0]TimingProfiler: Initialize
[2022.11.27-01.27.10:251][  0]TimingProfiler: OnSessionChanged
[2022.11.27-01.27.10:251][  0]LoadingProfiler: Initialize
[2022.11.27-01.27.10:251][  0]LoadingProfiler: OnSessionChanged
[2022.11.27-01.27.10:251][  0]NetworkingProfiler: Initialize
[2022.11.27-01.27.10:251][  0]NetworkingProfiler: OnSessionChanged
[2022.11.27-01.27.10:251][  0]MemoryProfiler: Initialize
[2022.11.27-01.27.10:251][  0]MemoryProfiler: OnSessionChanged
[2022.11.27-01.27.10:300][  0]LogVSAccessor: Display: Unable to create Visual Studio setup instance: 80040154
[2022.11.27-01.27.10:300][  0]LogVSAccessor: Display: Unable to create Visual Studio setup instance: 80040154
[2022.11.27-01.27.10:300][  0]LogVSAccessor: Display: Unable to create Visual Studio setup instance: 80040154
[2022.11.27-01.27.10:369][  0]LogCook: Display: CookSettings for Memory: MemoryMaxUsedVirtual 0MiB, MemoryMaxUsedPhysical 16384MiB, MemoryMinFreeVirtual 0MiB, MemoryMinFreePhysical 1024MiB
[2022.11.27-01.27.10:369][  0]LogCook: Display: Mobile HDR setting 1
[2022.11.27-01.27.10:530][  0]LogFileCache: Scanning file cache for directory 'E:/GRY/PGIPW_II_powtorka/Pzp/Pzp_Zadanie_1/TopDownShooter_SN/TopDownShooter_SN/Content/' took 0.00s
[2022.11.27-01.27.10:680][  0]LogInit: Display: Engine is initialized. Leaving FEngineLoop::Init()
[2022.11.27-01.27.10:682][  0]SourceControl: Source control is disabled
[2022.11.27-01.27.10:682][  0]LogUnrealEdMisc: Loading editor; pre map load, took 5.668
[2022.11.27-01.27.10:682][  0]Cmd: MAP LOAD FILE="E:/GRY/PGIPW_II_powtorka/Pzp/Pzp_Zadanie_1/TopDownShooter_SN/TopDownShooter_SN/Content/Levels/Main.umap" TEMPLATE=0 SHOWPROGRESS=1 FEATURELEVEL=3
[2022.11.27-01.27.10:683][  0]LightingResults: New page: Lighting Build
[2022.11.27-01.27.10:684][  0]LogWorld: UWorld::CleanupWorld for Untitled, bSessionEnded=true, bCleanupResources=true
[2022.11.27-01.27.10:684][  0]LogSlate: InvalidateAllWidgets triggered.  All widgets were invalidated
[2022.11.27-01.27.10:684][  0]MapCheck: New page: Map Check
[2022.11.27-01.27.10:684][  0]LightingResults: New page: Lighting Build
[2022.11.27-01.27.10:687][  0]LogAudio: Display: Audio Device unregistered from world 'None'.
[2022.11.27-01.27.10:689][  0]LogUObjectHash: Compacting FUObjectHashTables data took   0.77ms
[2022.11.27-01.27.10:737][  0]LogAudio: Display: Audio Device (ID: 1) registered with world 'Main'.
[2022.11.27-01.27.10:738][  0]LogAIModule: Creating AISystem for world Main
[2022.11.27-01.27.10:741][  0]LogEditorServer: Finished looking for orphan Actors (0.000 secs)
[2022.11.27-01.27.10:747][  0]LogUObjectHash: Compacting FUObjectHashTables data took   0.81ms
[2022.11.27-01.27.10:747][  0]Cmd: MAP CHECKDEP NOCLEARLOG
[2022.11.27-01.27.10:747][  0]MapCheck: Map check complete: 0 Error(s), 0 Warning(s), took 0,074ms to complete.
[2022.11.27-01.27.10:747][  0]LogFileHelpers: Loading map 'Main' took 0.065
[2022.11.27-01.27.10:749][  0]LogUnrealEdMisc: Total Editor Startup Time, took 5.734
[2022.11.27-01.27.10:847][  0]LogSlate: Updating window title bar state: overlay mode, drag disabled, window buttons hidden, title bar hidden
[2022.11.27-01.27.10:852][  0]LogSlate: Updating window title bar state: overlay mode, drag disabled, window buttons hidden, title bar hidden
[2022.11.27-01.27.10:858][  0]LogSlate: Updating window title bar state: overlay mode, drag disabled, window buttons hidden, title bar hidden
[2022.11.27-01.27.10:862][  0]LogSlate: Updating window title bar state: overlay mode, drag disabled, window buttons hidden, title bar hidden
[2022.11.27-01.27.10:875][  0]LogNativeClassHierarchy: Verbose: Native class hierarchy populated in 0.0090 seconds. Added 3822 classes and 928 folders.
[2022.11.27-01.27.10:876][  0]LogNativeClassHierarchy: Verbose: Native class hierarchy updated for 'WidgetCarousel' in 0.0004 seconds. Added 0 classes and 0 folders.
[2022.11.27-01.27.10:878][  0]LogPakFile: PakFile PrimaryIndexSize=187
[2022.11.27-01.27.10:878][  0]LogPakFile: PakFile PathHashIndexSize=101
[2022.11.27-01.27.10:878][  0]LogPakFile: PakFile FullDirectoryIndexSize=148
[2022.11.27-01.27.10:878][  0]LogShaderLibrary: Display: ShaderCodeLibraryPakFileMountedCallback: PakFile 'D:/Program Files/UE_4.27/FeaturePacks/FP_FirstPerson.upack' (chunk index -1, root 'root:/') mounted
[2022.11.27-01.27.10:878][  0]LogShaderLibrary: Display: ShaderCodeLibraryPakFileMountedCallback: pending pak file info (ChunkID:-1 Root:root:/ File:D:/Program Files/UE_4.27/FeaturePacks/FP_FirstPerson.upack)
[2022.11.27-01.27.10:878][  0]LogPakFile: OnPakFileMounted2Time == 0.000046
[2022.11.27-01.27.10:879][  0]LogPakFile: PakFile PrimaryIndexSize=189
[2022.11.27-01.27.10:879][  0]LogPakFile: PakFile PathHashIndexSize=101
[2022.11.27-01.27.10:879][  0]LogPakFile: PakFile FullDirectoryIndexSize=152
[2022.11.27-01.27.10:879][  0]LogShaderLibrary: Display: ShaderCodeLibraryPakFileMountedCallback: PakFile 'D:/Program Files/UE_4.27/FeaturePacks/FP_FirstPersonBP.upack' (chunk index -1, root 'root:/') mounted
[2022.11.27-01.27.10:879][  0]LogShaderLibrary: Display: ShaderCodeLibraryPakFileMountedCallback: pending pak file info (ChunkID:-1 Root:root:/ File:D:/Program Files/UE_4.27/FeaturePacks/FP_FirstPersonBP.upack)
[2022.11.27-01.27.10:879][  0]LogPakFile: OnPakFileMounted2Time == 0.000034
[2022.11.27-01.27.10:880][  0]LogPakFile: PakFile PrimaryIndexSize=191
[2022.11.27-01.27.10:880][  0]LogPakFile: PakFile PathHashIndexSize=101
[2022.11.27-01.27.10:880][  0]LogPakFile: PakFile FullDirectoryIndexSize=160
[2022.11.27-01.27.10:880][  0]LogShaderLibrary: Display: ShaderCodeLibraryPakFileMountedCallback: PakFile 'D:/Program Files/UE_4.27/FeaturePacks/MobileStarterContent.upack' (chunk index -1, root 'root:/') mounted
[2022.11.27-01.27.10:880][  0]LogShaderLibrary: Display: ShaderCodeLibraryPakFileMountedCallback: pending pak file info (ChunkID:-1 Root:root:/ File:D:/Program Files/UE_4.27/FeaturePacks/MobileStarterContent.upack)
[2022.11.27-01.27.10:880][  0]LogPakFile: OnPakFileMounted2Time == 0.000027
[2022.11.27-01.27.10:880][  0]LogPakFile: PakFile PrimaryIndexSize=185
[2022.11.27-01.27.10:880][  0]LogPakFile: PakFile PathHashIndexSize=101
[2022.11.27-01.27.10:880][  0]LogPakFile: PakFile FullDirectoryIndexSize=148
[2022.11.27-01.27.10:880][  0]LogShaderLibrary: Display: ShaderCodeLibraryPakFileMountedCallback: PakFile 'D:/Program Files/UE_4.27/FeaturePacks/StarterContent.upack' (chunk index -1, root 'root:/') mounted
[2022.11.27-01.27.10:880][  0]LogShaderLibrary: Display: ShaderCodeLibraryPakFileMountedCallback: pending pak file info (ChunkID:-1 Root:root:/ File:D:/Program Files/UE_4.27/FeaturePacks/StarterContent.upack)
[2022.11.27-01.27.10:880][  0]LogPakFile: OnPakFileMounted2Time == 0.000031
[2022.11.27-01.27.10:881][  0]LogPakFile: PakFile PrimaryIndexSize=190
[2022.11.27-01.27.10:881][  0]LogPakFile: PakFile PathHashIndexSize=101
[2022.11.27-01.27.10:881][  0]LogPakFile: PakFile FullDirectoryIndexSize=154
[2022.11.27-01.27.10:881][  0]LogShaderLibrary: Display: ShaderCodeLibraryPakFileMountedCallback: PakFile 'D:/Program Files/UE_4.27/FeaturePacks/TP_2DSideScroller.upack' (chunk index -1, root 'root:/') mounted
[2022.11.27-01.27.10:881][  0]LogShaderLibrary: Display: ShaderCodeLibraryPakFileMountedCallback: pending pak file info (ChunkID:-1 Root:root:/ File:D:/Program Files/UE_4.27/FeaturePacks/TP_2DSideScroller.upack)
[2022.11.27-01.27.10:881][  0]LogPakFile: OnPakFileMounted2Time == 0.000071
[2022.11.27-01.27.10:882][  0]LogPakFile: PakFile PrimaryIndexSize=192
[2022.11.27-01.27.10:882][  0]LogPakFile: PakFile PathHashIndexSize=101
[2022.11.27-01.27.10:882][  0]LogPakFile: PakFile FullDirectoryIndexSize=158
[2022.11.27-01.27.10:882][  0]LogShaderLibrary: Display: ShaderCodeLibraryPakFileMountedCallback: PakFile 'D:/Program Files/UE_4.27/FeaturePacks/TP_2DSideScrollerBP.upack' (chunk index -1, root 'root:/') mounted
[2022.11.27-01.27.10:882][  0]LogShaderLibrary: Display: ShaderCodeLibraryPakFileMountedCallback: pending pak file info (ChunkID:-1 Root:root:/ File:D:/Program Files/UE_4.27/FeaturePacks/TP_2DSideScrollerBP.upack)
[2022.11.27-01.27.10:882][  0]LogPakFile: OnPakFileMounted2Time == 0.000030
[2022.11.27-01.27.10:882][  0]LogPakFile: PakFile PrimaryIndexSize=182
[2022.11.27-01.27.10:882][  0]LogPakFile: PakFile PathHashIndexSize=101
[2022.11.27-01.27.10:882][  0]LogPakFile: PakFile FullDirectoryIndexSize=138
[2022.11.27-01.27.10:882][  0]LogShaderLibrary: Display: ShaderCodeLibraryPakFileMountedCallback: PakFile 'D:/Program Files/UE_4.27/FeaturePacks/TP_Flying.upack' (chunk index -1, root 'root:/') mounted
[2022.11.27-01.27.10:882][  0]LogShaderLibrary: Display: ShaderCodeLibraryPakFileMountedCallback: pending pak file info (ChunkID:-1 Root:root:/ File:D:/Program Files/UE_4.27/FeaturePacks/TP_Flying.upack)
[2022.11.27-01.27.10:882][  0]LogPakFile: OnPakFileMounted2Time == 0.000027
[2022.11.27-01.27.10:883][  0]LogPakFile: PakFile PrimaryIndexSize=184
[2022.11.27-01.27.10:883][  0]LogPakFile: PakFile PathHashIndexSize=101
[2022.11.27-01.27.10:883][  0]LogPakFile: PakFile FullDirectoryIndexSize=142
[2022.11.27-01.27.10:883][  0]LogShaderLibrary: Display: ShaderCodeLibraryPakFileMountedCallback: PakFile 'D:/Program Files/UE_4.27/FeaturePacks/TP_FlyingBP.upack' (chunk index -1, root 'root:/') mounted
[2022.11.27-01.27.10:883][  0]LogShaderLibrary: Display: ShaderCodeLibraryPakFileMountedCallback: pending pak file info (ChunkID:-1 Root:root:/ File:D:/Program Files/UE_4.27/FeaturePacks/TP_FlyingBP.upack)
[2022.11.27-01.27.10:883][  0]LogPakFile: OnPakFileMounted2Time == 0.000027
[2022.11.27-01.27.10:883][  0]LogPakFile: PakFile PrimaryIndexSize=188
[2022.11.27-01.27.10:883][  0]LogPakFile: PakFile PathHashIndexSize=101
[2022.11.27-01.27.10:883][  0]LogPakFile: PakFile FullDirectoryIndexSize=150
[2022.11.27-01.27.10:883][  0]LogShaderLibrary: Display: ShaderCodeLibraryPakFileMountedCallback: PakFile 'D:/Program Files/UE_4.27/FeaturePacks/TP_HandheldARBP.upack' (chunk index -1, root 'root:/') mounted
[2022.11.27-01.27.10:883][  0]LogShaderLibrary: Display: ShaderCodeLibraryPakFileMountedCallback: pending pak file info (ChunkID:-1 Root:root:/ File:D:/Program Files/UE_4.27/FeaturePacks/TP_HandheldARBP.upack)
[2022.11.27-01.27.10:883][  0]LogPakFile: OnPakFileMounted2Time == 0.000027
[2022.11.27-01.27.10:884][  0]LogPakFile: PakFile PrimaryIndexSize=182
[2022.11.27-01.27.10:884][  0]LogPakFile: PakFile PathHashIndexSize=101
[2022.11.27-01.27.10:884][  0]LogPakFile: PakFile FullDirectoryIndexSize=138
[2022.11.27-01.27.10:884][  0]LogShaderLibrary: Display: ShaderCodeLibraryPakFileMountedCallback: PakFile 'D:/Program Files/UE_4.27/FeaturePacks/TP_Puzzle.upack' (chunk index -1, root 'root:/') mounted
[2022.11.27-01.27.10:884][  0]LogShaderLibrary: Display: ShaderCodeLibraryPakFileMountedCallback: pending pak file info (ChunkID:-1 Root:root:/ File:D:/Program Files/UE_4.27/FeaturePacks/TP_Puzzle.upack)
[2022.11.27-01.27.10:884][  0]LogPakFile: OnPakFileMounted2Time == 0.000029
[2022.11.27-01.27.10:884][  0]LogPakFile: PakFile PrimaryIndexSize=184
[2022.11.27-01.27.10:885][  0]LogPakFile: PakFile PathHashIndexSize=101
[2022.11.27-01.27.10:885][  0]LogPakFile: PakFile FullDirectoryIndexSize=142
[2022.11.27-01.27.10:885][  0]LogShaderLibrary: Display: ShaderCodeLibraryPakFileMountedCallback: PakFile 'D:/Program Files/UE_4.27/FeaturePacks/TP_PuzzleBP.upack' (chunk index -1, root 'root:/') mounted
[2022.11.27-01.27.10:885][  0]LogShaderLibrary: Display: ShaderCodeLibraryPakFileMountedCallback: pending pak file info (ChunkID:-1 Root:root:/ File:D:/Program Files/UE_4.27/FeaturePacks/TP_PuzzleBP.upack)
[2022.11.27-01.27.10:885][  0]LogPakFile: OnPakFileMounted2Time == 0.000026
[2022.11.27-01.27.10:885][  0]LogPakFile: PakFile PrimaryIndexSize=183
[2022.11.27-01.27.10:885][  0]LogPakFile: PakFile PathHashIndexSize=101
[2022.11.27-01.27.10:885][  0]LogPakFile: PakFile FullDirectoryIndexSize=140
[2022.11.27-01.27.10:885][  0]LogShaderLibrary: Display: ShaderCodeLibraryPakFileMountedCallback: PakFile 'D:/Program Files/UE_4.27/FeaturePacks/TP_Rolling.upack' (chunk index -1, root 'root:/') mounted
[2022.11.27-01.27.10:885][  0]LogShaderLibrary: Display: ShaderCodeLibraryPakFileMountedCallback: pending pak file info (ChunkID:-1 Root:root:/ File:D:/Program Files/UE_4.27/FeaturePacks/TP_Rolling.upack)
[2022.11.27-01.27.10:885][  0]LogPakFile: OnPakFileMounted2Time == 0.000030
[2022.11.27-01.27.10:886][  0]LogPakFile: PakFile PrimaryIndexSize=185
[2022.11.27-01.27.10:886][  0]LogPakFile: PakFile PathHashIndexSize=101
[2022.11.27-01.27.10:886][  0]LogPakFile: PakFile FullDirectoryIndexSize=144
[2022.11.27-01.27.10:886][  0]LogShaderLibrary: Display: ShaderCodeLibraryPakFileMountedCallback: PakFile 'D:/Program Files/UE_4.27/FeaturePacks/TP_RollingBP.upack' (chunk index -1, root 'root:/') mounted
[2022.11.27-01.27.10:886][  0]LogShaderLibrary: Display: ShaderCodeLibraryPakFileMountedCallback: pending pak file info (ChunkID:-1 Root:root:/ File:D:/Program Files/UE_4.27/FeaturePacks/TP_RollingBP.upack)
[2022.11.27-01.27.10:886][  0]LogPakFile: OnPakFileMounted2Time == 0.000026
[2022.11.27-01.27.10:886][  0]LogPakFile: PakFile PrimaryIndexSize=188
[2022.11.27-01.27.10:886][  0]LogPakFile: PakFile PathHashIndexSize=101
[2022.11.27-01.27.10:886][  0]LogPakFile: PakFile FullDirectoryIndexSize=150
[2022.11.27-01.27.10:886][  0]LogShaderLibrary: Display: ShaderCodeLibraryPakFileMountedCallback: PakFile 'D:/Program Files/UE_4.27/FeaturePacks/TP_SideScroller.upack' (chunk index -1, root 'root:/') mounted
[2022.11.27-01.27.10:886][  0]LogShaderLibrary: Display: ShaderCodeLibraryPakFileMountedCallback: pending pak file info (ChunkID:-1 Root:root:/ File:D:/Program Files/UE_4.27/FeaturePacks/TP_SideScroller.upack)
[2022.11.27-01.27.10:886][  0]LogPakFile: OnPakFileMounted2Time == 0.000030
[2022.11.27-01.27.10:887][  0]LogPakFile: PakFile PrimaryIndexSize=190
[2022.11.27-01.27.10:887][  0]LogPakFile: PakFile PathHashIndexSize=101
[2022.11.27-01.27.10:887][  0]LogPakFile: PakFile FullDirectoryIndexSize=154
[2022.11.27-01.27.10:887][  0]LogShaderLibrary: Display: ShaderCodeLibraryPakFileMountedCallback: PakFile 'D:/Program Files/UE_4.27/FeaturePacks/TP_SideScrollerBP.upack' (chunk index -1, root 'root:/') mounted
[2022.11.27-01.27.10:887][  0]LogShaderLibrary: Display: ShaderCodeLibraryPakFileMountedCallback: pending pak file info (ChunkID:-1 Root:root:/ File:D:/Program Files/UE_4.27/FeaturePacks/TP_SideScrollerBP.upack)
[2022.11.27-01.27.10:887][  0]LogPakFile: OnPakFileMounted2Time == 0.000028
[2022.11.27-01.27.10:887][  0]LogPakFile: PakFile PrimaryIndexSize=187
[2022.11.27-01.27.10:887][  0]LogPakFile: PakFile PathHashIndexSize=101
[2022.11.27-01.27.10:887][  0]LogPakFile: PakFile FullDirectoryIndexSize=148
[2022.11.27-01.27.10:887][  0]LogShaderLibrary: Display: ShaderCodeLibraryPakFileMountedCallback: PakFile 'D:/Program Files/UE_4.27/FeaturePacks/TP_ThirdPerson.upack' (chunk index -1, root 'root:/') mounted
[2022.11.27-01.27.10:887][  0]LogShaderLibrary: Display: ShaderCodeLibraryPakFileMountedCallback: pending pak file info (ChunkID:-1 Root:root:/ File:D:/Program Files/UE_4.27/FeaturePacks/TP_ThirdPerson.upack)
[2022.11.27-01.27.10:887][  0]LogPakFile: OnPakFileMounted2Time == 0.000028
[2022.11.27-01.27.10:888][  0]LogPakFile: PakFile PrimaryIndexSize=189
[2022.11.27-01.27.10:888][  0]LogPakFile: PakFile PathHashIndexSize=101
[2022.11.27-01.27.10:888][  0]LogPakFile: PakFile FullDirectoryIndexSize=152
[2022.11.27-01.27.10:888][  0]LogShaderLibrary: Display: ShaderCodeLibraryPakFileMountedCallback: PakFile 'D:/Program Files/UE_4.27/FeaturePacks/TP_ThirdPersonBP.upack' (chunk index -1, root 'root:/') mounted
[2022.11.27-01.27.10:888][  0]LogShaderLibrary: Display: ShaderCodeLibraryPakFileMountedCallback: pending pak file info (ChunkID:-1 Root:root:/ File:D:/Program Files/UE_4.27/FeaturePacks/TP_ThirdPersonBP.upack)
[2022.11.27-01.27.10:888][  0]LogPakFile: OnPakFileMounted2Time == 0.000026
[2022.11.27-01.27.10:888][  0]LogPakFile: PakFile PrimaryIndexSize=183
[2022.11.27-01.27.10:888][  0]LogPakFile: PakFile PathHashIndexSize=101
[2022.11.27-01.27.10:888][  0]LogPakFile: PakFile FullDirectoryIndexSize=140
[2022.11.27-01.27.10:888][  0]LogShaderLibrary: Display: ShaderCodeLibraryPakFileMountedCallback: PakFile 'D:/Program Files/UE_4.27/FeaturePacks/TP_TopDown.upack' (chunk index -1, root 'root:/') mounted
[2022.11.27-01.27.10:888][  0]LogShaderLibrary: Display: ShaderCodeLibraryPakFileMountedCallback: pending pak file info (ChunkID:-1 Root:root:/ File:D:/Program Files/UE_4.27/FeaturePacks/TP_TopDown.upack)
[2022.11.27-01.27.10:888][  0]LogPakFile: OnPakFileMounted2Time == 0.000036
[2022.11.27-01.27.10:889][  0]LogPakFile: PakFile PrimaryIndexSize=185
[2022.11.27-01.27.10:889][  0]LogPakFile: PakFile PathHashIndexSize=101
[2022.11.27-01.27.10:889][  0]LogPakFile: PakFile FullDirectoryIndexSize=144
[2022.11.27-01.27.10:889][  0]LogShaderLibrary: Display: ShaderCodeLibraryPakFileMountedCallback: PakFile 'D:/Program Files/UE_4.27/FeaturePacks/TP_TopDownBP.upack' (chunk index -1, root 'root:/') mounted
[2022.11.27-01.27.10:889][  0]LogShaderLibrary: Display: ShaderCodeLibraryPakFileMountedCallback: pending pak file info (ChunkID:-1 Root:root:/ File:D:/Program Files/UE_4.27/FeaturePacks/TP_TopDownBP.upack)
[2022.11.27-01.27.10:889][  0]LogPakFile: OnPakFileMounted2Time == 0.000034
[2022.11.27-01.27.10:889][  0]LogPakFile: PakFile PrimaryIndexSize=185
[2022.11.27-01.27.10:889][  0]LogPakFile: PakFile PathHashIndexSize=101
[2022.11.27-01.27.10:889][  0]LogPakFile: PakFile FullDirectoryIndexSize=144
[2022.11.27-01.27.10:889][  0]LogShaderLibrary: Display: ShaderCodeLibraryPakFileMountedCallback: PakFile 'D:/Program Files/UE_4.27/FeaturePacks/TP_TwinStick.upack' (chunk index -1, root 'root:/') mounted
[2022.11.27-01.27.10:889][  0]LogShaderLibrary: Display: ShaderCodeLibraryPakFileMountedCallback: pending pak file info (ChunkID:-1 Root:root:/ File:D:/Program Files/UE_4.27/FeaturePacks/TP_TwinStick.upack)
[2022.11.27-01.27.10:889][  0]LogPakFile: OnPakFileMounted2Time == 0.000026
[2022.11.27-01.27.10:890][  0]LogPakFile: PakFile PrimaryIndexSize=187
[2022.11.27-01.27.10:890][  0]LogPakFile: PakFile PathHashIndexSize=101
[2022.11.27-01.27.10:890][  0]LogPakFile: PakFile FullDirectoryIndexSize=148
[2022.11.27-01.27.10:890][  0]LogShaderLibrary: Display: ShaderCodeLibraryPakFileMountedCallback: PakFile 'D:/Program Files/UE_4.27/FeaturePacks/TP_TwinStickBP.upack' (chunk index -1, root 'root:/') mounted
[2022.11.27-01.27.10:890][  0]LogShaderLibrary: Display: ShaderCodeLibraryPakFileMountedCallback: pending pak file info (ChunkID:-1 Root:root:/ File:D:/Program Files/UE_4.27/FeaturePacks/TP_TwinStickBP.upack)
[2022.11.27-01.27.10:890][  0]LogPakFile: OnPakFileMounted2Time == 0.000029
[2022.11.27-01.27.10:890][  0]LogPakFile: PakFile PrimaryIndexSize=183
[2022.11.27-01.27.10:890][  0]LogPakFile: PakFile PathHashIndexSize=101
[2022.11.27-01.27.10:890][  0]LogPakFile: PakFile FullDirectoryIndexSize=140
[2022.11.27-01.27.10:890][  0]LogShaderLibrary: Display: ShaderCodeLibraryPakFileMountedCallback: PakFile 'D:/Program Files/UE_4.27/FeaturePacks/TP_Vehicle.upack' (chunk index -1, root 'root:/') mounted
[2022.11.27-01.27.10:890][  0]LogShaderLibrary: Display: ShaderCodeLibraryPakFileMountedCallback: pending pak file info (ChunkID:-1 Root:root:/ File:D:/Program Files/UE_4.27/FeaturePacks/TP_Vehicle.upack)
[2022.11.27-01.27.10:890][  0]LogPakFile: OnPakFileMounted2Time == 0.000026
[2022.11.27-01.27.10:891][  0]LogPakFile: PakFile PrimaryIndexSize=186
[2022.11.27-01.27.10:891][  0]LogPakFile: PakFile PathHashIndexSize=101
[2022.11.27-01.27.10:891][  0]LogPakFile: PakFile FullDirectoryIndexSize=146
[2022.11.27-01.27.10:891][  0]LogShaderLibrary: Display: ShaderCodeLibraryPakFileMountedCallback: PakFile 'D:/Program Files/UE_4.27/FeaturePacks/TP_VehicleAdv.upack' (chunk index -1, root 'root:/') mounted
[2022.11.27-01.27.10:891][  0]LogShaderLibrary: Display: ShaderCodeLibraryPakFileMountedCallback: pending pak file info (ChunkID:-1 Root:root:/ File:D:/Program Files/UE_4.27/FeaturePacks/TP_VehicleAdv.upack)
[2022.11.27-01.27.10:891][  0]LogPakFile: OnPakFileMounted2Time == 0.000027
[2022.11.27-01.27.10:891][  0]LogPakFile: PakFile PrimaryIndexSize=188
[2022.11.27-01.27.10:891][  0]LogPakFile: PakFile PathHashIndexSize=101
[2022.11.27-01.27.10:891][  0]LogPakFile: PakFile FullDirectoryIndexSize=150
[2022.11.27-01.27.10:891][  0]LogShaderLibrary: Display: ShaderCodeLibraryPakFileMountedCallback: PakFile 'D:/Program Files/UE_4.27/FeaturePacks/TP_VehicleAdvBP.upack' (chunk index -1, root 'root:/') mounted
[2022.11.27-01.27.10:891][  0]LogShaderLibrary: Display: ShaderCodeLibraryPakFileMountedCallback: pending pak file info (ChunkID:-1 Root:root:/ File:D:/Program Files/UE_4.27/FeaturePacks/TP_VehicleAdvBP.upack)
[2022.11.27-01.27.10:891][  0]LogPakFile: OnPakFileMounted2Time == 0.000028
[2022.11.27-01.27.10:892][  0]LogPakFile: PakFile PrimaryIndexSize=185
[2022.11.27-01.27.10:892][  0]LogPakFile: PakFile PathHashIndexSize=101
[2022.11.27-01.27.10:892][  0]LogPakFile: PakFile FullDirectoryIndexSize=144
[2022.11.27-01.27.10:892][  0]LogShaderLibrary: Display: ShaderCodeLibraryPakFileMountedCallback: PakFile 'D:/Program Files/UE_4.27/FeaturePacks/TP_VehicleBP.upack' (chunk index -1, root 'root:/') mounted
[2022.11.27-01.27.10:892][  0]LogShaderLibrary: Display: ShaderCodeLibraryPakFileMountedCallback: pending pak file info (ChunkID:-1 Root:root:/ File:D:/Program Files/UE_4.27/FeaturePacks/TP_VehicleBP.upack)
[2022.11.27-01.27.10:892][  0]LogPakFile: OnPakFileMounted2Time == 0.000026
[2022.11.27-01.27.10:892][  0]LogPakFile: PakFile PrimaryIndexSize=192
[2022.11.27-01.27.10:892][  0]LogPakFile: PakFile PathHashIndexSize=101
[2022.11.27-01.27.10:892][  0]LogPakFile: PakFile FullDirectoryIndexSize=158
[2022.11.27-01.27.10:892][  0]LogShaderLibrary: Display: ShaderCodeLibraryPakFileMountedCallback: PakFile 'D:/Program Files/UE_4.27/FeaturePacks/TP_VirtualRealityBP.upack' (chunk index -1, root 'root:/') mounted
[2022.11.27-01.27.10:892][  0]LogShaderLibrary: Display: ShaderCodeLibraryPakFileMountedCallback: pending pak file info (ChunkID:-1 Root:root:/ File:D:/Program Files/UE_4.27/FeaturePacks/TP_VirtualRealityBP.upack)
[2022.11.27-01.27.10:893][  0]LogPakFile: OnPakFileMounted2Time == 0.000026
[2022.11.27-01.27.10:954][  0]LogNativeClassHierarchy: Verbose: Native class hierarchy updated for 'AddContentDialog' in 0.0003 seconds. Added 0 classes and 0 folders.
[2022.11.27-01.27.10:955][  0]LogNativeClassHierarchy: Verbose: Native class hierarchy updated for 'SceneOutliner' in 0.0001 seconds. Added 2 classes and 0 folders.
[2022.11.27-01.27.11:011][  0]LogSlate: Took 0.000229 seconds to synchronously load lazily loaded font '../../../Engine/Content/Slate/Fonts/Roboto-Regular.ttf' (155K)
[2022.11.27-01.27.11:012][  0]LogSlate: Took 0.000163 seconds to synchronously load lazily loaded font '../../../Engine/Content/Editor/Slate/Fonts/FontAwesome.ttf' (139K)
[2022.11.27-01.27.11:013][  0]LogSlate: Took 0.000142 seconds to synchronously load lazily loaded font '../../../Engine/Content/Slate/Fonts/Roboto-Bold.ttf' (160K)
[2022.11.27-01.27.11:084][  0]LogRenderer: Reallocating scene render targets to support 1208x572 Format 10 NumSamples 1 (Frame:1).
[2022.11.27-01.27.11:148][  0]LogNativeClassHierarchy: Verbose: Native class hierarchy updated for 'HierarchicalLODOutliner' in 0.0003 seconds. Added 0 classes and 0 folders.
[2022.11.27-01.27.11:148][  0]LogLoad: (Engine Initialization) Total time: 6.13 seconds
[2022.11.27-01.27.11:148][  0]LogLoad: (Engine Initialization) Total Blueprint compile time: 0.00 seconds
[2022.11.27-01.27.11:184][  0]LogAssetRegistry: Asset discovery search completed in 3.4304 seconds
[2022.11.27-01.27.11:189][  0]LogCollectionManager: Fixed up redirectors for 0 collections in 0.000003 seconds (updated 0 objects)
[2022.11.27-01.27.11:190][  0]LogContentStreaming: Texture pool size now 1000 MB
[2022.11.27-01.27.11:381][  2]LogSlate: Took 0.000278 seconds to synchronously load lazily loaded font '../../../Engine/Content/Slate/Fonts/Roboto-Light.ttf' (167K)
